node   1  (   0,    0) (   5,    3) (   8,    4) (   7,    4) (   5,    5) (   5,    2) (   5,    6) (   5,    6) (   5,    5) (   5,    7)
          (   5,    3) (   5,    4) (   5,    4) (   5,    3) (   5,    8) (   5,    1) (   5,    4) (   5,    5) (   5,    4) (   5,    4)
          (   5,    5) (   5,    2) (   5,    5) (   5,    6) (   5,    4) (   5,    5) (   5,    5) (   5,    6) (   5,    6) (   5,    7)
          (   5,    8) (   5,    3) (   5,    8) (   5,    9) (   5,    4) (   5,    3) (   5,    3) (   5,    5) (   5,    5) (   5,    5)
          (   5,    4) (   5,    5) (   5,    6) (   5,    4) (   5,    5) (   5,    6) (   5,    5) (   5,    3) (   5,    5) (   5,    6)
          (   5,    6) (   5,    6) (   3,    3) (   5,    3) (   4,    2) (   4,    5) (   4,    5) (   4,    4) (   5,    5) (   4,    6)
          (   4,    4) (   5,    6) (   5,    4) (   3,    2) (   4,    8) (   5,    7) (   4,    6) (   3,    4) (   5,    5) (   4,    5)
          (   5,    4) (   4,    6) (   4,    3) (   4,    2) (   5,    4) (   5,    4) (   5,    5) (   5,    6) (   4,    5) (   5,    6)
          (   3,    4) (   4,    5) (   5,    4) (   5,    5) (   5,    6) (   5,    6) (   5,    7) (   5,    5) (   5,    7) (   4,    3)
          (   4,    8) (   5,    3) (   4,    4) (   5,    5) (   5,    5) (   5,    5) (   4,    5) (   5,    3) (   5,    7) (   3,    4)
          (   3,    2) (   5,    6) (   5,    6) (   5,    6) (   4,    4) (   5,    3) (   4,    3) (   4,    5) (   5,    4) (   5,    4)
          (   5,    4) (   5,    7) (   4,    2) (   5,    5) (   5,    5) (   5,    4) (   5,    6) (   5,    4) (   5,    3) (   5,    5)
          (   3,    2) (   4,    4) (   4,    3) (   4,    4) (   4,    4) (   4,    5) (   4,    4) (   5,    5) (   3,    6) (   5,    3)
          (   5,    3) (   4,    6) (   3,    3) (   4,    4) (   3,    5) (   4,    5) (   5,    7) (   5,    6) (   4,    5) (   4,    5)
          (   5,    5) (   4,    6) (   3,    6) (   4,    3) (   4,    5) (   4,    5) (   4,    4) (   5,    5) (   5,    7) (   3,    6)
          (   5,    5) (   4,    8) (   5,    3) (   5,    6) (   4,    4) (   3,    4) (   4,    6) (   5,    6) (   5,    4) (   4,    7)
          (   5,    4) (   5,    4) (   4,    6) (   4,    5) (   5,    6) (   4,    6) (   4,    5) (   5,    3) (   5,    5) (   4,    6)
          (   4,    6) (   4,    1) (   5,    6) (   4,    3) (   5,    4) (   2,    5) (   5,    3) (   5,    8) (   5,    3) (   5,    2)
          (   5,    3) (   4,    7) (   4,    6) (   5,    4) (   4,    6) (   4,    2) (   4,    1) (   4,    5) (   3,    3) (   4,    4)
          (   5,    2) (   5,    6) (   3,    6) (   4,    4) (   5,    3) (   4,    6) (   4,    5) (   3,    5) (   5,    5) (   4,    5)
          (   5,    7) (   4,    5) (   5,    2) (   5,    1) (   5,    4) (   4,    5) (   5,    2) (   5,    6) (   4,    8) (   5,    4)
          (   5,    6) (   5,    3) (   5,    7) (   3,    3) (   5,    4) (   5,    3) (   5,    5) (   5,    6) (   3,    5) (   4,    4)
          (   4,    6) (   5,    5) (   3,    4) (   5,    3) (   3,    5) (   5,    3) (   5,    3) (   4,    7) (   5,    5) (   5,    4)
          (   4,    7) (   4,    3) (   5,    7) (   5,    3) (   5,    5) (   4,    6) (   5,    5) (   5,    4) (   4,    6) (   4,    3)
          (   4,    5) (   4,    7) (   4,    3) (   5,    5) (   3,    4) (   5,    7) (   5,    6) (   5,    5) (   5,    5) (   5,    8)
          (   4,    8) (   3,    5) (   4,    6) (   5,    4) (   5,    3) (   5,    7) (   4,    7) (   5,    7) (   4,    5) (   5,    4)
          (   5,    2) (   5,    3) (   4,    6) (   5,    7) (   3,    7) (   5,    4) (   3,    4) (   5,    4) (   5,    7) (   5,    2)
          (   5,    6) (   5,    6) (   5,    6) (   5,    4) (   5,    4) (   5,    5) (   3,    2) (   3,    5) (   5,    4) (   4,    6)
          (   3,    7) (   5,    3) (   5,    7) (   5,    4) (   5,    5) (   5,    5) (   4,    4) (   5,    4) (   4,    6) (   5,    5)
          (   4,    4) (   5,    2) (   5,    6) (   5,    2) (   4,    4) (   5,    2) (   4,    7) (   5,    6) (   5,    9) (   5,    5)
          (   5,    4) (   5,    5) (   5,    3) (   5,    5) (   5,    5) (   5,    4) (   5,    3) (   5,    5) (   5,    7) (   5,    8)
          (   5,    4) (   5,    5) (   5,    3) (   5,    5) (   5,    7) (   5,    5) (   5,    5) (   5,    3) (   5,    8) (   5,    4)
          (   5,    8) (   5,    5) (   5,    6) (   5,    6) (   5,    2) (   5,    6) (   5,    4) (   5,    5) (   5,    4) (   5,    4)
          (   5,    5) (   5,    5) (   5,    6) (   5,    7) (   5,    7) (   5,    7) (   5,    5) (   5,    3) (   5,    6) (   5,    6)
          (   5,    8) (   5,    5) (   5,    6) (   5,    4) (   5,    6) (   5,    6) (   5,    3) (   5,    2) (   5,    6) (   5,    5)
          (   5,    5) (   5,    6) (   5,    5) (   5,    6) (   5,    6) (   5,    4) (   5,    2) (   5,    6) (   5,    4) (   5,    6)
          (   5,    4) (   5,    8) (   5,    3) (   5,    5) (   5,    3) (   5,    4) (   5,    4) (   5,    3) (   5,    6) (   5,    5)
          (   5,    4) (   5,    4) (   5,    4) (   5,    4) (   5,    3) (   5,    4) (   5,    6) (   5,    6) (   5,    7) (   5,    3)
          (   5,    7) (   5,    4) (   5,    7) (   5,    5) (   5,    6) (   5,    4) (   5,    5) (   5,    5) (   5,    4) (   5,    6)
          (   5,    4) (   5,    5) (   5,    3) (   5,    6) (   5,    7) (   5,    5) (   5,    4) (   5,    4) (   5,    5) (   5,    3)
          (   5,    4) (   5,    5) (   5,    4) (   5,    2) (   5,    5) (   5,    4) (   5,    3) (   5,    5) (   5,    6) (   5,    6)
          (   5,    6) (   5,    5) (   5,    5) (   5,    5) (   5,    4) (   5,    6) (   5,    5) (   5,    3) (   5,    6) (   5,    7)
          (   5,    4) (   5,    5) (   5,    2) (   5,    4) (   5,    3) (   5,    5) (   5,    5) (   5,    6) (   5,    3) (   5,    5)
          (   5,    6) (   5,    4) (   5,    5) (   5,    5) (   5,    5) (   5,    4) (   5,    6) (   5,    4) (   5,    2) (   5,    6)
          (   5,    5) (   5,    5) (   5,    7) (   5,    5) (   5,    2) (   5,    7) (   5,    5) (   5,    8) (   5,    3) (   5,    3)
          (   5,    5) (   5,    4) (   5,    6) (   5,    5) (   5,    7) (   5,    4) (   5,    4) (   5,    4) (   5,    6) (   5,    4)
          (   5,    6) (   5,    6) (   5,    4) (   5,    5) (   5,    5) (   5,    5) (   5,    5) (   5,    4) (   5,    4) (   5,    7)
          (   5,    6) (   5,    3) (   5,    2) (   5,    5) (   5,    6) (   5,    4) (   5,    4) (   5,    4) (   5,    7) (   5,    4)
          (   5,    4) (   5,    4) (   5,    6) (   5,    3) (   5,    7) (   5,    4) (   5,    6) (   5,    3) (   5,    7) (   5,    7)
          (   5,    2) (   5,    7) (   5,    2) (   5,    5) (   5,    6) (   5,    5) (   5,    6) (   5,    6) (   5,    7) (   5,    6)
          (   5,    4) (   5,    6) (   5,    4) (   5,    4) (   5,    4) (   5,    6) (   5,    4) (   5,    5) (   5,    5) (   5,    6)
          (   5,    4) (   5,    4) (   5,    6) (   5,    6) (   5,    2) (   5,    4) (   5,    6) (   5,    4) (   5,    4) (   5,    5)
          (   5,    5) (   5,    4) (   5,    5) (   5,    4) (   5,    7) (   5,    3) (   5,    4) (   5,    8) (   5,    7) (   5,    4)
          (   5,    3) (   5,    7) (   5,    5) (   5,    3) (   5,    3) (   5,    6) (   5,    4) (   5,    2) (   5,    6) (   5,    3)
          (   5,    4) (   5,    5) (   5,    4) (   5,    3) (   5,    6) (   5,    7) (   5,    3) (   5,    4) (   5,    4) (   5,    4)
          (   5,    3) (   5,    3) (   5,    8) (   5,    5) (   5,    4) (   5,    5) (   5,    5) (   5,    7) (   5,    3) (   5,    4)
          (   5,    3) (   5,    5) (   5,    5) (   5,    7) (   5,    4) (   5,    3) (   5,    5) (   5,    7) (   5,    4) (   5,    5)
          (   5,    6) (   5,    5) (   5,    8) (   5,    4) (   5,    5) (   5,    5) (   5,    4) (   5,    5) (   5,    4) (   5,    6)
          (   5,    8) (   5,    2) (   5,    5) (   5,    4) (   5,    4) (   5,    5) (   5,    7) (   5,    2) (   5,    7) (   5,    6)
          (   5,    4) (   5,    6) (   5,    4) (   5,    3) (   5,    6) (   5,    5) (   5,    4) (   5,    6) (   5,    6) (   5,    4)
          (   5,    8) (   5,    4) (   5,    5) (   5,    4) (   5,    6) (   5,    7) (   5,    7) (   5,    5) (   5,    4) (   5,    6)
          (   5,    7) (   5,    4) (   5,    2) (   5,    5) (   5,    6) (   5,    6) (   5,    5) (   5,    7) (   5,    3) (   5,    8)
          (   5,    5) (   5,    6) (   5,    7) (   5,    8) (   5,    8) (   5,    5) (   5,    4) (   5,    6) (   5,    6) (   5,    5)
          (   5,    7) (   5,    5) (   5,    1) (   5,    7) (   5,    5) (   5,    3) (   5,    6) (   5,    6) (   5,    5) (   5,    3)
          (   5,    7) (   5,    4) (   5,    5) (   5,    2) (   5,    5) (   5,    3) (   5,    7) (   5,    5) (   5,    5) (   5,    4)
          (   5,    2) (   5,    8) (   5,    5) (   5,    5) (   5,    7) (   5,    7) (   5,    4) (   5,    6) (   5,    5) (   5,    8)
          (   5,    2) (   5,    4) (   5,    4) (   5,    7) (   5,    6) (   5,    8) (   5,    4) (   5,    6) (   5,    7) (   5,    7)
          (   5,    4) (   5,    5) (   5,    5) (   5,    6) (   5,    5) (   5,    7) (   5,    6) (   5,    5) (   5,    5) (   5,    5)
          (   5,    4) (   5,    6) (   5,    5) (   5,    4) (   5,    5) (   5,    5) (   5,    5) (   5,    4) (   5,    6) (   5,    7)
          (   5,    5) (   5,    6) (   5,    5) (   5,    6) (   5,    7) (   5,    8) (   5,    5) (   5,    6) (   5,    4) (   5,    3)
         
node   1 sent_total   3357  recv_total   3412

node   2  (   1,    0) (   0,    0) (   2,    2) (   2,    2) (   4,    5) (   5,    3) (   5,    7) (   5,    5) (   5,    5) (   5,    7)
          (   5,    4) (   5,    6) (   5,    4) (   5,    3) (   5,    7) (   5,    4) (   5,    4) (   5,    5) (   5,    4) (   5,    3)
          (   5,    4) (   5,    4) (   5,    7) (   5,    7) (   5,    5) (   5,    6) (   5,    7) (   5,    6) (   5,    3) (   5,    6)
          (   5,    6) (   5,    3) (   5,    7) (   5,    8) (   5,    3) (   5,    4) (   5,    4) (   5,    6) (   5,    4) (   5,    4)
          (   5,    4) (   5,    7) (   5,    7) (   5,    7) (   5,    5) (   5,    6) (   5,    3) (   5,    3) (   5,    3) (   5,    5)
          (   5,    5) (   5,    6) (   4,    3) (   5,    2) (   3,    2) (   5,    5) (   5,    2) (   5,    5) (   5,    4) (   3,    3)
          (   4,    2) (   5,    4) (   5,    4) (   5,    3) (   5,    6) (   4,    6) (   5,    5) (   4,    5) (   5,    3) (   5,    5)
          (   5,    4) (   4,    6) (   3,    5) (   5,    3) (   4,    3) (   5,    4) (   5,    6) (   5,    6) (   5,    5) (   4,    7)
          (   5,    2) (   4,    6) (   4,    6) (   5,    5) (   5,    5) (   5,    7) (   4,    8) (   4,    4) (   5,    5) (   5,    4)
          (   5,    5) (   4,    2) (   5,    5) (   3,    5) (   5,    3) (   5,    4) (   4,    4) (   4,    7) (   3,    4) (   5,    4)
          (   3,    4) (   4,    5) (   4,    5) (   5,    5) (   5,    5) (   4,    4) (   5,    3) (   5,    4) (   5,    7) (   4,    4)
          (   5,    3) (   3,    6) (   5,    5) (   5,    3) (   5,    6) (   5,    6) (   5,    4) (   4,    3) (   5,    2) (   3,    4)
          (   3,    3) (   4,    5) (   5,    6) (   4,    6) (   4,    3) (   4,    7) (   4,    4) (   3,    3) (   4,    4) (   5,    7)
          (   4,    5) (   5,    6) (   5,    4) (   4,    4) (   5,    5) (   3,    3) (   5,    8) (   3,    6) (   5,    5) (   2,    3)
          (   2,    3) (   5,    3) (   5,    6) (   5,    7) (   5,    4) (   4,    4) (   5,    2) (   5,    5) (   5,    5) (   4,    6)
          (   4,    5) (   5,    5) (   5,    3) (   5,    5) (   5,    4) (   5,    3) (   5,    4) (   5,    4) (   5,    5) (   4,    6)
          (   5,    2) (   3,    3) (   4,    6) (   5,    5) (   4,    6) (   5,    5) (   4,    6) (   5,    4) (   4,    3) (   5,    4)
          (   5,    5) (   5,    2) (   4,    6) (   4,    4) (   5,    4) (   3,    5) (   4,    5) (   4,    6) (   5,    4) (   4,    2)
          (   5,    3) (   3,    5) (   5,    6) (   5,    4) (   4,    6) (   5,    5) (   5,    2) (   5,    6) (   4,    3) (   5,    4)
          (   4,    4) (   5,    3) (   5,    5) (   5,    5) (   5,    3) (   3,    7) (   4,    5) (   5,    6) (   5,    4) (   4,    5)
          (   5,    5) (   5,    5) (   5,    2) (   4,    5) (   5,    4) (   3,    4) (   3,    5) (   4,    5) (   5,    6) (   5,    0)
          (   5,    6) (   5,    5) (   5,    7) (   4,    4) (   4,    5) (   5,    5) (   3,    4) (   4,    3) (   5,    5) (   5,    3)
          (   5,    5) (   4,    5) (   5,    6) (   5,    4) (   4,    6) (   4,    4) (   4,    6) (   4,    5) (   4,    6) (   5,    2)
          (   4,    6) (   4,    5) (   5,    7) (   2,    5) (   5,    5) (   5,    6) (   4,    5) (   5,    3) (   5,    5) (   4,    5)
          (   5,    5) (   4,    3) (   5,    6) (   5,    5) (   4,    6) (   5,    5) (   4,    6) (   5,    5) (   5,    5) (   5,    3)
          (   4,    6) (   4,    7) (   5,    8) (   5,    6) (   5,    3) (   5,    8) (   5,    7) (   5,    6) (   3,    5) (   4,    5)
          (   3,    4) (   4,    3) (   4,    5) (   4,    4) (   4,    5) (   5,    4) (   5,    6) (   5,    5) (   4,    4) (   5,    1)
          (   5,    8) (   5,    3) (   5,    4) (   5,    3) (   5,    4) (   5,    3) (   3,    1) (   5,    4) (   5,    4) (   4,    3)
          (   5,    6) (   5,    2) (   5,    4) (   3,    2) (   3,    6) (   4,    4) (   4,    4) (   5,    3) (   5,    7) (   4,    4)
          (   5,    4) (   5,    3) (   5,    6) (   5,    6) (   5,    5) (   4,    3) (   4,    4) (   4,    6) (   4,    7) (   3,    5)
          (   5,    5) (   5,    5) (   5,    3) (   5,    4) (   5,    7) (   5,    3) (   5,    5) (   5,    5) (   5,    7) (   5,    7)
          (   5,    4) (   5,    7) (   5,    4) (   5,    6) (   5,    6) (   5,    6) (   5,    2) (   5,    4) (   5,    7) (   5,    4)
          (   5,    6) (   5,    6) (   5,    6) (   5,    4) (   5,    2) (   5,    6) (   5,    5) (   5,    4) (   5,    5) (   5,    5)
          (   5,    7) (   5,    5) (   5,    5) (   5,    7) (   5,    7) (   5,    9) (   5,    5) (   5,    4) (   5,    5) (   5,    7)
          (   5,    7) (   5,    3) (   5,    7) (   5,    5) (   5,    6) (   5,    6) (   5,    4) (   5,    3) (   5,    3) (   5,    4)
          (   5,    4) (   5,    6) (   5,    6) (   5,    5) (   5,    4) (   5,    8) (   5,    1) (   5,    7) (   5,    4) (   5,    6)
          (   5,    5) (   5,    7) (   5,    4) (   5,    3) (   5,    5) (   5,    5) (   5,    5) (   5,    5) (   5,    7) (   5,    4)
          (   5,    3) (   5,    4) (   5,    7) (   5,    5) (   5,    2) (   5,    4) (   5,    5) (   5,    4) (   5,    7) (   5,    4)
          (   5,    6) (   5,    6) (   5,    4) (   5,    5) (   5,    5) (   5,    2) (   5,    5) (   5,    6) (   5,    5) (   5,    5)
          (   5,    5) (   5,    5) (   5,    5) (   5,    6) (   5,    8) (   5,    6) (   5,    6) (   5,    4) (   5,    7) (   5,    4)
          (   5,    4) (   5,    7) (   5,    5) (   5,    3) (   5,    5) (   5,    5) (   5,    4) (   5,    6) (   5,    7) (   5,    5)
          (   5,    7) (   5,    5) (   5,    5) (   5,    4) (   5,    4) (   5,    4) (   5,    4) (   5,    4) (   5,    6) (   5,    5)
          (   5,    3) (   5,    2) (   5,    2) (   5,    7) (   5,    2) (   5,    7) (   5,    4) (   5,    6) (   5,    3) (   5,    3)
          (   5,    6) (   5,    5) (   5,    7) (   5,    7) (   5,    5) (   5,    4) (   5,    5) (   5,    3) (   5,    3) (   5,    7)
          (   5,    6) (   5,    4) (   5,    7) (   5,    6) (   5,    1) (   5,    6) (   5,    3) (   5,    4) (   5,    3) (   5,    4)
          (   5,    5) (   5,    3) (   5,    5) (   5,    4) (   5,    8) (   5,    6) (   5,    3) (   5,    4) (   5,    4) (   5,    4)
          (   5,    5) (   5,    6) (   5,    2) (   5,    4) (   5,    5) (   5,    7) (   5,    4) (   5,    3) (   5,    7) (   5,    6)
          (   5,    5) (   5,    3) (   5,    4) (   5,    7) (   5,    5) (   5,    6) (   5,    3) (   5,    3) (   5,    5) (   5,    3)
          (   5,    6) (   5,    3) (   5,    6) (   5,    2) (   5,    7) (   5,    5) (   5,    4) (   5,    4) (   5,    7) (   5,    8)
          (   5,    3) (   5,    6) (   5,    5) (   5,    5) (   5,    8) (   5,    6) (   5,    6) (   5,    6) (   5,    5) (   5,    5)
          (   5,    3) (   5,    6) (   5,    4) (   5,    4) (   5,    3) (   5,    6) (   5,    3) (   5,    8) (   5,    5) (   5,    6)
          (   5,    7) (   5,    2) (   5,    6) (   5,    6) (   5,    4) (   5,    5) (   5,    6) (   5,    3) (   5,    6) (   5,    6)
          (   5,    5) (   5,    5) (   5,    7) (   5,    6) (   5,    4) (   5,    4) (   5,    5) (   5,    7) (   5,    6) (   5,    3)
          (   5,    5) (   5,    5) (   5,    5) (   5,    7) (   5,    3) (   5,    7) (   5,    5) (   5,    4) (   5,    4) (   5,    4)
          (   5,    4) (   5,    5) (   5,    5) (   5,    4) (   5,    6) (   5,    7) (   5,    4) (   5,    3) (   5,    2) (   5,    5)
          (   5,    3) (   5,    4) (   5,    8) (   5,    5) (   5,    5) (   5,    5) (   5,    5) (   5,    6) (   5,    4) (   5,    4)
          (   5,    3) (   5,    4) (   5,    3) (   5,    4) (   5,    3) (   5,    3) (   5,    5) (   5,    9) (   5,    4) (   5,    5)
          (   5,    5) (   5,    7) (   5,    7) (   5,    6) (   5,    5) (   5,    6) (   5,    4) (   5,    6) (   5,    4) (   5,    6)
          (   5,    7) (   5,    3) (   5,    4) (   5,    4) (   5,    3) (   5,    8) (   5,    5) (   5,    3) (   5,    6) (   5,    7)
          (   5,    2) (   5,    7) (   5,    4) (   5,    5) (   5,    5) (   5,    6) (   5,    6) (   5,    7) (   5,    5) (   5,    5)
          (   5,    8) (   5,    5) (   5,    5) (   5,    5) (   5,    4) (   5,    5) (   5,    6) (   5,    7) (   5,    6) (   5,    6)
          (   5,    6) (   5,    5) (   5,    5) (   5,    4) (   5,    6) (   5,    4) (   5,    5) (   5,    4) (   5,    5) (   5,    8)
          (   5,    4) (   5,    4) (   5,    5) (   5,    8) (   5,    6) (   5,    5) (   5,    7) (   5,    6) (   5,    7) (   5,    8)
          (   5,    6) (   5,    5) (   5,    2) (   5,    6) (   5,    4) (   5,    5) (   5,    4) (   5,    6) (   5,    7) (   5,    3)
          (   5,    5) (   5,    5) (   5,    5) (   5,    4) (   5,    4) (   5,    2) (   5,    7) (   5,    4) (   5,    5) (   5,    4)
          (   5,    4) (   5,    8) (   5,    4) (   5,    4) (   5,    6) (   5,    7) (   5,    5) (   5,    6) (   5,    5) (   5,    7)
          (   5,    5) (   5,    3) (   5,    5) (   5,    7) (   5,    6) (   5,    7) (   5,    5) (   5,    4) (   5,    7) (   5,    5)
          (   5,    4) (   5,    4) (   5,    4) (   5,    6) (   5,    6) (   5,    6) (   5,    6) (   5,    5) (   5,    9) (   5,    5)
          (   5,    1) (   5,    6) (   5,    4) (   5,    4) (   5,    2) (   5,    5) (   5,    7) (   5,    5) (   5,    3) (   5,    6)
          (   5,    5) (   5,    6) (   5,    4) (   5,    5) (   5,    6) (   5,    2) (   5,    4) (   5,    7) (   5,    5) (   5,    3)
         
node   2 sent_total   3346  recv_total   3380

node   3  (   1,    0) (   0,    0) (   2,    2) (   2,    1) (   4,    4) (   5,    6) (   5,    7) (   5,    7) (   5,    7) (   5,    6)
          (   5,    7) (   5,    5) (   5,    4) (   5,    4) (   5,    7) (   5,    5) (   5,    4) (   5,    4) (   5,    4) (   5,    6)
          (   5,    5) (   5,    3) (   5,    9) (   5,    5) (   5,    7) (   5,    7) (   5,    7) (   5,    7) (   5,    4) (   5,    5)
          (   5,    5) (   5,    4) (   5,    7) (   5,    7) (   5,    5) (   5,    4) (   5,    5) (   5,    5) (   5,    6) (   5,    4)
          (   5,    4) (   5,    5) (   5,    4) (   5,    8) (   5,    4) (   5,    3) (   5,    4) (   5,    4) (   5,    6) (   5,    2)
          (   5,    6) (   5,    4) (   3,    3) (   4,    4) (   5,    6) (   5,    3) (   3,    4) (   4,    4) (   4,    5) (   4,    4)
          (   5,    3) (   4,    4) (   5,    6) (   5,    4) (   4,    5) (   5,    6) (   5,    4) (   4,    6) (   4,    6) (   2,    6)
          (   5,    5) (   4,    6) (   5,    5) (   5,    5) (   4,    5) (   4,    4) (   3,    5) (   4,    6) (   4,    3) (   5,    4)
          (   5,    3) (   4,    6) (   4,    7) (   5,    4) (   5,    6) (   5,    6) (   3,    7) (   3,    4) (   5,    4) (   4,    2)
          (   5,    3) (   5,    3) (   5,    2) (   4,    3) (   4,    5) (   5,    3) (   5,    4) (   5,    6) (   3,    7) (   5,    5)
          (   5,    6) (   5,    5) (   5,    4) (   5,    4) (   5,    4) (   5,    5) (   5,    5) (   4,    3) (   5,    6) (   5,    4)
          (   5,    7) (   5,    5) (   5,    6) (   5,    4) (   4,    6) (   5,    2) (   5,    6) (   5,    4) (   5,    4) (   5,    4)
          (   5,    5) (   5,    4) (   5,    5) (   3,    5) (   5,    4) (   5,    5) (   4,    4) (   3,    5) (   4,    6) (   5,    4)
          (   4,    5) (   4,    6) (   4,    6) (   5,    5) (   5,    5) (   5,    5) (   4,    7) (   5,    5) (   4,    4) (   5,    3)
          (   5,    5) (   5,    2) (   4,    6) (   5,    6) (   4,    5) (   4,    6) (   5,    3) (   5,    5) (   4,    6) (   5,    4)
          (   3,    2) (   4,    2) (   4,    5) (   5,    3) (   5,    3) (   5,    5) (   3,    3) (   4,    5) (   5,    4) (   4,    6)
          (   3,    0) (   4,    4) (   4,    8) (   5,    4) (   5,    7) (   4,    6) (   5,    5) (   4,    5) (   4,    4) (   3,    5)
          (   3,    4) (   5,    5) (   5,    6) (   4,    4) (   5,    4) (   5,    7) (   5,    3) (   5,    4) (   3,    6) (   4,    3)
          (   5,    4) (   3,    4) (   3,    5) (   5,    6) (   5,    6) (   3,    5) (   5,    2) (   4,    5) (   5,    5) (   5,    3)
          (   4,    4) (   5,    3) (   5,    3) (   4,    5) (   5,    8) (   5,    3) (   3,    5) (   5,    5) (   5,    3) (   4,    3)
          (   5,    4) (   5,    6) (   5,    6) (   5,    5) (   5,    4) (   4,    6) (   5,    5) (   4,    2) (   5,    5) (   5,    4)
          (   4,    4) (   5,    5) (   5,    6) (   5,    4) (   5,    7) (   5,    5) (   5,    6) (   5,    3) (   5,    4) (   5,    5)
          (   5,    7) (   5,    5) (   5,    6) (   4,    3) (   4,    3) (   5,    7) (   5,    3) (   4,    5) (   4,    7) (   5,    2)
          (   4,    4) (   5,    5) (   5,    7) (   4,    4) (   5,    5) (   5,    5) (   5,    4) (   5,    6) (   4,    5) (   4,    5)
          (   4,    5) (   5,    3) (   5,    6) (   5,    4) (   5,    4) (   5,    4) (   5,    6) (   5,    5) (   5,    6) (   5,    4)
          (   5,    4) (   4,    4) (   4,    3) (   4,    4) (   5,    7) (   5,    5) (   4,    6) (   3,    5) (   4,    4) (   4,    3)
          (   5,    4) (   4,    4) (   5,    4) (   4,    3) (   4,    5) (   4,    4) (   5,    7) (   3,    7) (   4,    3) (   3,    1)
          (   5,    5) (   4,    7) (   4,    3) (   4,    6) (   5,    5) (   4,    4) (   5,    4) (   5,    6) (   5,    1) (   5,    4)
          (   3,    6) (   5,    3) (   4,    4) (   4,    6) (   5,    4) (   5,    4) (   4,    4) (   5,    3) (   5,    7) (   5,    3)
          (   5,    2) (   4,    1) (   5,    6) (   5,    6) (   5,    7) (   4,    8) (   5,    4) (   5,    4) (   5,    6) (   5,    6)
          (   5,    6) (   5,    5) (   5,    3) (   5,    2) (   5,    6) (   5,    4) (   5,    5) (   5,    5) (   5,    6) (   5,    7)
          (   5,    3) (   5,    7) (   5,    3) (   5,    4) (   5,    4) (   5,    6) (   5,    4) (   5,    5) (   5,    5) (   5,    4)
          (   5,    6) (   5,    6) (   5,    6) (   5,    5) (   5,    2) (   5,    5) (   5,    7) (   5,    4) (   5,    5) (   5,    5)
          (   5,    6) (   5,    1) (   5,    6) (   5,    5) (   5,    7) (   5,    6) (   5,    5) (   5,    3) (   5,    3) (   5,    5)
          (   5,    4) (   5,    5) (   5,    6) (   5,    4) (   5,    5) (   5,    6) (   5,    4) (   5,    3) (   5,    3) (   5,    4)
          (   5,    4) (   5,    5) (   5,    8) (   5,    2) (   5,    4) (   5,    6) (   5,    3) (   5,    5) (   5,    4) (   5,    3)
          (   5,    6) (   5,    6) (   5,    9) (   5,    5) (   5,    4) (   5,    4) (   5,    5) (   5,    6) (   5,    3) (   5,    3)
          (   5,    4) (   5,    4) (   5,    7) (   5,    6) (   5,    5) (   5,    4) (   5,    7) (   5,    4) (   5,    4) (   5,    4)
          (   5,    4) (   5,    5) (   5,    5) (   5,    1) (   5,    5) (   5,    3) (   5,    4) (   5,    6) (   5,    5) (   5,    4)
          (   5,    4) (   5,    5) (   5,    3) (   5,    5) (   5,    9) (   5,    5) (   5,    5) (   5,    5) (   5,    6) (   5,    8)
          (   5,    4) (   5,    4) (   5,    5) (   5,    5) (   5,    6) (   5,    8) (   5,    5) (   5,    4) (   5,    5) (   5,    6)
          (   5,    5) (   5,    5) (   5,    4) (   5,    4) (   5,    5) (   5,    4) (   5,    8) (   5,    3) (   5,    9) (   5,    5)
          (   5,    5) (   5,    4) (   5,    5) (   5,    6) (   5,    4) (   5,    7) (   5,    5) (   5,    5) (   5,    4) (   5,    4)
          (   5,    3) (   5,    4) (   5,    5) (   5,    5) (   5,    8) (   5,    5) (   5,    5) (   5,    5) (   5,    5) (   5,    5)
          (   5,    8) (   5,    6) (   5,    5) (   5,    6) (   5,    2) (   5,    8) (   5,    4) (   5,    2) (   5,    6) (   5,    3)
          (   5,    5) (   5,    1) (   5,    7) (   5,    5) (   5,    6) (   5,    4) (   5,    8) (   5,    5) (   5,    5) (   5,    4)
          (   5,    4) (   5,    6) (   5,    3) (   5,    5) (   5,    5) (   5,    8) (   5,    5) (   5,    2) (   5,    7) (   5,    6)
          (   5,    5) (   5,    3) (   5,    4) (   5,    6) (   5,    5) (   5,    8) (   5,    6) (   5,    4) (   5,    5) (   5,    5)
          (   5,    5) (   5,    5) (   5,    6) (   5,    3) (   5,    7) (   5,    3) (   5,    5) (   5,    4) (   5,    3) (   5,    6)
          (   5,    6) (   5,    1) (   5,    7) (   5,    3) (   5,    8) (   5,    5) (   5,    5) (   5,    5) (   5,    3) (   5,    5)
          (   5,    3) (   5,    7) (   5,    4) (   5,    4) (   5,    5) (   5,    7) (   5,    4) (   5,    8) (   5,    5) (   5,    6)
          (   5,    6) (   5,    2) (   5,    5) (   5,    5) (   5,    3) (   5,    4) (   5,    6) (   5,    3) (   5,    5) (   5,    5)
          (   5,    4) (   5,    6) (   5,    6) (   5,    8) (   5,    7) (   5,    5) (   5,    5) (   5,    8) (   5,    7) (   5,    4)
          (   5,    6) (   5,    7) (   5,    5) (   5,    4) (   5,    5) (   5,    6) (   5,    5) (   5,    5) (   5,    5) (   5,    3)
          (   5,    4) (   5,    7) (   5,    3) (   5,    6) (   5,    6) (   5,    5) (   5,    2) (   5,    6) (   5,    3) (   5,    7)
          (   5,    2) (   5,    4) (   5,    5) (   5,    7) (   5,    7) (   5,    7) (   5,    6) (   5,    5) (   5,    2) (   5,    5)
          (   5,    5) (   5,    3) (   5,    4) (   5,    5) (   5,    5) (   5,    5) (   5,    3) (   5,    6) (   5,    7) (   5,    4)
          (   5,    4) (   5,    5) (   5,    5) (   5,    7) (   5,    4) (   5,    6) (   5,    5) (   5,    5) (   5,    6) (   5,    6)
          (   5,    5) (   5,    2) (   5,    6) (   5,    7) (   5,    3) (   5,    8) (   5,    4) (   5,    4) (   5,    5) (   5,    1)
          (   5,    4) (   5,    6) (   5,    5) (   5,    5) (   5,    6) (   5,    5) (   5,    6) (   5,    6) (   5,    6) (   5,    2)
          (   5,    6) (   5,    5) (   5,    4) (   5,    4) (   5,    6) (   5,    5) (   5,    5) (   5,    3) (   5,    4) (   5,    4)
          (   5,    4) (   5,    4) (   5,    6) (   5,    7) (   5,    3) (   5,    4) (   5,    6) (   5,    6) (   5,    5) (   5,    6)
          (   5,    3) (   5,    6) (   5,    5) (   5,    4) (   5,    4) (   5,    4) (   5,    5) (   5,    9) (   5,    6) (   5,    7)
          (   5,    9) (   5,    4) (   5,    3) (   5,    4) (   5,    3) (   5,    5) (   5,    7) (   5,    6) (   5,    8) (   5,    5)
          (   5,    5) (   5,    5) (   5,    3) (   5,    6) (   5,    3) (   5,    3) (   5,    8) (   5,    4) (   5,    4) (   5,    7)
          (   5,    7) (   5,    6) (   5,    6) (   5,    5) (   5,    4) (   5,    7) (   5,    5) (   5,    4) (   5,    6) (   5,    7)
          (   5,    6) (   5,    5) (   5,    6) (   5,    6) (   5,    6) (   5,    7) (   5,    5) (   5,    5) (   5,    7) (   5,    6)
          (   5,    4) (   5,    6) (   5,    5) (   5,    5) (   5,    6) (   5,    5) (   5,    7) (   5,    7) (   5,    6) (   5,    4)
          (   5,    3) (   5,    6) (   5,    7) (   5,    4) (   5,    4) (   5,    6) (   5,    8) (   5,    5) (   5,    4) (   5,    7)
          (   5,    5) (   5,    7) (   5,    7) (   5,    2) (   5,    1) (   5,    4) (   5,    3) (   5,    6) (   5,    6) (   5,    5)
         
node   3 sent_total   3359  recv_total   3405

node   4  (   1,    0) (   0,    0) (   2,    1) (   4,    2) (   4,    4) (   5,    5) (   5,    3) (   5,    7) (   5,    3) (   5,    7)
          (   5,    7) (   5,    5) (   5,    5) (   5,    2) (   5,    4) (   5,    7) (   5,    5) (   5,    7) (   5,    6) (   5,    5)
          (   5,    5) (   5,    5) (   5,    5) (   5,    4) (   5,    4) (   5,    5) (   5,    6) (   5,    8) (   5,    5) (   5,    4)
          (   5,    5) (   5,    5) (   5,    5) (   5,    6) (   5,    6) (   5,    3) (   5,    7) (   5,    3) (   5,    6) (   5,    4)
          (   5,    4) (   5,    6) (   5,    6) (   5,    9) (   5,    6) (   5,    2) (   5,    5) (   5,    9) (   5,    7) (   5,    2)
          (   5,    6) (   5,    6) (   4,    6) (   4,    4) (   5,    5) (   3,    3) (   5,    4) (   5,    4) (   3,    2) (   4,    5)
          (   4,    1) (   5,    2) (   5,    3) (   5,    7) (   5,    6) (   4,    5) (   5,    4) (   4,    6) (   5,    2) (   4,    4)
          (   4,    5) (   5,    7) (   5,    6) (   5,    2) (   5,    6) (   4,    4) (   5,    6) (   5,    5) (   5,    3) (   5,    6)
          (   5,    2) (   5,    8) (   5,    5) (   5,    5) (   5,    3) (   3,    7) (   3,    4) (   4,    4) (   4,    5) (   4,    4)
          (   5,    2) (   5,    3) (   3,    3) (   3,    6) (   5,    6) (   4,    5) (   4,    3) (   4,    3) (   5,    5) (   4,    3)
          (   5,    7) (   5,    5) (   4,    2) (   5,    5) (   3,    2) (   5,    3) (   4,    5) (   3,    3) (   5,    5) (   5,    4)
          (   4,    4) (   5,    5) (   5,    6) (   3,    2) (   4,    3) (   5,    3) (   5,    7) (   4,    5) (   4,    3) (   4,    6)
          (   5,    6) (   5,    3) (   5,    6) (   5,    5) (   5,    4) (   5,    5) (   5,    5) (   5,    4) (   5,    5) (   5,    4)
          (   5,    5) (   5,    5) (   3,    5) (   5,    2) (   5,    5) (   5,    7) (   5,    4) (   4,    5) (   4,    3) (   5,    4)
          (   5,    5) (   5,    2) (   5,    6) (   5,    4) (   3,    7) (   5,    5) (   5,    3) (   4,    3) (   4,    6) (   4,    6)
          (   5,    3) (   4,    5) (   4,    5) (   4,    3) (   5,    6) (   4,    5) (   5,    3) (   5,    4) (   5,    4) (   2,    5)
          (   5,    2) (   5,    5) (   5,    4) (   5,    6) (   5,    4) (   5,    4) (   5,    7) (   4,    3) (   5,    2) (   5,    6)
          (   5,    6) (   5,    3) (   5,    3) (   4,    6) (   5,    4) (   5,    4) (   5,    4) (   3,    7) (   3,    4) (   3,    5)
          (   2,    4) (   4,    3) (   4,    4) (   5,    4) (   5,    5) (   5,    7) (   4,    6) (   2,    5) (   5,    3) (   5,    3)
          (   5,    6) (   5,    3) (   5,    4) (   5,    6) (   5,    6) (   4,    6) (   5,    3) (   4,    4) (   3,    6) (   5,    6)
          (   3,    4) (   3,    5) (   5,    6) (   4,    5) (   5,    6) (   4,    4) (   5,    3) (   4,    3) (   3,    6) (   5,    6)
          (   5,    4) (   5,    5) (   5,    5) (   5,    5) (   4,    4) (   4,    5) (   5,    5) (   4,    4) (   4,    4) (   4,    3)
          (   4,    5) (   5,    4) (   4,    5) (   4,    2) (   4,    4) (   5,    2) (   5,    4) (   4,    4) (   2,    3) (   5,    4)
          (   5,    6) (   4,    5) (   5,    4) (   5,    4) (   5,    3) (   4,    5) (   4,    3) (   5,    3) (   5,    5) (   5,    6)
          (   3,    7) (   5,    3) (   5,    7) (   5,    5) (   5,    1) (   5,    4) (   4,    5) (   4,    5) (   5,    6) (   5,    6)
          (   5,    4) (   5,    2) (   5,    6) (   5,    5) (   5,    6) (   5,    5) (   5,    4) (   4,    3) (   4,    4) (   5,    6)
          (   5,    7) (   4,    6) (   4,    4) (   4,    5) (   3,    4) (   4,    5) (   4,    5) (   5,    6) (   4,    3) (   5,    4)
          (   4,    6) (   4,    5) (   3,    3) (   5,    4) (   5,    7) (   5,    6) (   3,    5) (   5,    1) (   4,    2) (   4,    3)
          (   5,    6) (   5,    3) (   5,    3) (   5,    8) (   5,    4) (   5,    4) (   5,    5) (   5,    5) (   4,    7) (   5,    4)
          (   4,    5) (   5,    3) (   1,    4) (   5,    5) (   4,    6) (   4,    6) (   5,    3) (   4,    2) (   5,    5) (   3,    3)
          (   5,    4) (   5,    7) (   5,    6) (   5,    2) (   5,    8) (   5,    5) (   5,    5) (   5,    6) (   5,    4) (   5,    6)
          (   5,    4) (   5,    5) (   5,    3) (   5,    5) (   5,    4) (   5,    7) (   5,    5) (   5,    4) (   5,    5) (   5,    4)
          (   5,    2) (   5,    6) (   5,    7) (   5,    6) (   5,    6) (   5,    2) (   5,    3) (   5,    7) (   5,    5) (   5,    4)
          (   5,    5) (   5,    4) (   5,    6) (   5,    4) (   5,    8) (   5,    5) (   5,    5) (   5,    2) (   5,    4) (   5,    6)
          (   5,    3) (   5,    4) (   5,    6) (   5,    5) (   5,    4) (   5,    8) (   5,    2) (   5,    3) (   5,    5) (   5,    2)
          (   5,    4) (   5,    4) (   5,    9) (   5,    5) (   5,    5) (   5,    5) (   5,    4) (   5,    6) (   5,    4) (   5,    4)
          (   5,    6) (   5,    5) (   5,    7) (   5,    5) (   5,    5) (   5,    5) (   5,    5) (   5,    5) (   5,    6) (   5,    4)
          (   5,    5) (   5,    6) (   5,    6) (   5,    7) (   5,    6) (   5,    6) (   5,    6) (   5,    5) (   5,    5) (   5,    5)
          (   5,    4) (   5,    7) (   5,    6) (   5,    3) (   5,    5) (   5,    4) (   5,    3) (   5,    5) (   5,    4) (   5,    4)
          (   5,    6) (   5,    4) (   5,    5) (   5,    5) (   5,    9) (   5,    3) (   5,    5) (   5,    3) (   5,    4) (   5,    7)
          (   5,    6) (   5,    3) (   5,    9) (   5,    5) (   5,    5) (   5,    7) (   5,    6) (   5,    5) (   5,    4) (   5,    7)
          (   5,    4) (   5,    4) (   5,    3) (   5,    4) (   5,    2) (   5,    4) (   5,    6) (   5,    3) (   5,    5) (   5,    4)
          (   5,    6) (   5,    3) (   5,    4) (   5,    7) (   5,    6) (   5,    5) (   5,    4) (   5,    4) (   5,    5) (   5,    3)
          (   5,    4) (   5,    5) (   5,    4) (   5,    4) (   5,    4) (   5,    5) (   5,    5) (   5,    6) (   5,    5) (   5,    4)
          (   5,    6) (   5,    7) (   5,    7) (   5,    5) (   5,    5) (   5,    5) (   5,    1) (   5,    3) (   5,    4) (   5,    4)
          (   5,    5) (   5,    3) (   5,    5) (   5,    3) (   5,    5) (   5,    3) (   5,    7) (   5,    3) (   5,    4) (   5,    7)
          (   5,    5) (   5,    6) (   5,    4) (   5,    3) (   5,    4) (   5,    6) (   5,    4) (   5,    2) (   5,    3) (   5,    6)
          (   5,    6) (   5,    4) (   5,    5) (   5,    5) (   5,    4) (   5,    7) (   5,    6) (   5,    5) (   5,    7) (   5,    5)
          (   5,    4) (   5,    7) (   5,    5) (   5,    6) (   5,    6) (   5,    6) (   5,    3) (   5,    5) (   5,    5) (   5,    4)
          (   5,    5) (   5,    3) (   5,    4) (   5,    4) (   5,    8) (   5,    7) (   5,    6) (   5,    8) (   5,    3) (   5,    3)
          (   5,    5) (   5,    6) (   5,    4) (   5,    7) (   5,    5) (   5,    5) (   5,    5) (   5,    8) (   5,    5) (   5,    6)
          (   5,    7) (   5,    5) (   5,    6) (   5,    5) (   5,    6) (   5,    5) (   5,    7) (   5,    2) (   5,    6) (   5,    7)
          (   5,    5) (   5,    8) (   5,    7) (   5,    9) (   5,    5) (   5,    6) (   5,    7) (   5,    6) (   5,    5) (   5,    3)
          (   5,    5) (   5,    5) (   5,    7) (   5,    8) (   5,    5) (   5,    6) (   5,    5) (   5,    7) (   5,    5) (   5,    6)
          (   5,    5) (   5,    5) (   5,    3) (   5,    5) (   5,    4) (   5,    6) (   5,    4) (   5,    7) (   5,    4) (   5,    8)
          (   5,    5) (   5,    5) (   5,    7) (   5,    3) (   5,    5) (   5,    8) (   5,    9) (   5,    3) (   5,    5) (   5,    8)
          (   5,    6) (   5,    2) (   5,    3) (   5,    4) (   5,    5) (   5,    3) (   5,    5) (   5,    5) (   5,    7) (   5,    3)
          (   5,    5) (   5,    4) (   5,    4) (   5,    5) (   5,    5) (   5,    3) (   5,    5) (   5,    7) (   5,    6) (   5,    7)
          (   5,    3) (   5,    5) (   5,    6) (   5,    4) (   5,    5) (   5,    7) (   5,    5) (   5,    7) (   5,    5) (   5,    3)
          (   5,    6) (   5,    7) (   5,    4) (   5,    6) (   5,    6) (   5,    5) (   5,    7) (   5,    4) (   5,    6) (   5,    2)
          (   5,    3) (   5,    3) (   5,    4) (   5,    6) (   5,    4) (   5,    4) (   5,    3) (   5,    6) (   5,    5) (   5,    3)
          (   5,    4) (   5,    6) (   5,    5) (   5,    6) (   5,    4) (   5,    3) (   5,    6) (   5,    5) (   5,    7) (   5,    6)
          (   5,    5) (   5,    4) (   5,    6) (   5,    4) (   5,    6) (   5,    6) (   5,    5) (   5,    7) (   5,    5) (   5,    7)
          (   5,    6) (   5,    2) (   5,    6) (   5,    4) (   5,    8) (   5,    7) (   5,    7) (   5,    7) (   5,    6) (   5,    6)
          (   5,    7) (   5,    4) (   5,    4) (   5,    4) (   5,    4) (   5,    3) (   5,    5) (   5,    2) (   5,    5) (   5,    4)
          (   5,    5) (   5,    5) (   5,    5) (   5,    6) (   5,    3) (   5,    7) (   5,    4) (   5,    7) (   5,    4) (   5,    3)
          (   5,    6) (   5,    7) (   5,    5) (   5,    5) (   5,    4) (   5,    3) (   5,    5) (   5,    5) (   5,    6) (   5,    3)
          (   5,    5) (   5,    4) (   5,    6) (   5,    3) (   5,    4) (   5,    3) (   5,    8) (   5,    4) (   5,    2) (   5,    6)
          (   5,    4) (   5,    6) (   5,    5) (   5,    6) (   5,    5) (   5,    5) (   5,    3) (   5,    5) (   5,    2) (   5,    7)
          (   5,    6) (   5,    6) (   5,    5) (   5,    2) (   5,    4) (   5,    4) (   5,    3) (   5,    4) (   5,    4) (   5,    4)
         
node   4 sent_total   3350  recv_total   3356

node   5  (   0,    0) (   1,    0) (   0,    0) (   4,    2) (   4,    1) (   5,    6) (   5,    3) (   5,    3) (   5,    4) (   5,    8)
          (   5,    6) (   5,    7) (   5,    7) (   5,    6) (   5,    3) (   5,    8) (   5,    4) (   5,    4) (   5,    6) (   5,    5)
          (   5,    6) (   5,    7) (   5,    5) (   5,    4) (   5,    4) (   5,    3) (   5,    6) (   5,    5) (   5,    6) (   5,    3)
          (   5,    4) (   5,    6) (   5,    5) (   5,    3) (   5,    7) (   5,    5) (   5,    6) (   5,    3) (   5,    8) (   5,    3)
          (   5,    7) (   5,    5) (   5,    3) (   5,    8) (   5,    5) (   5,    4) (   5,    4) (   5,    5) (   5,    7) (   5,    2)
          (   5,    4) (   4,    6) (   5,    4) (   4,    4) (   3,    6) (   5,    4) (   3,    3) (   4,    4) (   3,    4) (   5,    5)
          (   5,    6) (   4,    3) (   3,    5) (   5,    8) (   5,    5) (   5,    4) (   5,    1) (   5,    4) (   5,    3) (   4,    5)
          (   5,    6) (   4,    5) (   4,    8) (   5,    5) (   4,    4) (   5,    3) (   5,    3) (   4,    5) (   5,    3) (   4,    7)
          (   4,    5) (   5,    4) (   5,    6) (   4,    2) (   5,    2) (   4,    6) (   3,    3) (   5,    5) (   5,    1) (   4,    5)
          (   5,    1) (   5,    3) (   4,    3) (   4,    3) (   5,    3) (   4,    2) (   4,    4) (   5,    3) (   4,    5) (   3,    4)
          (   5,    8) (   5,    5) (   5,    2) (   5,    2) (   4,    3) (   5,    4) (   5,    6) (   5,    3) (   3,    6) (   5,    4)
          (   5,    4) (   4,    2) (   5,    7) (   5,    4) (   4,    3) (   5,    3) (   5,    6) (   5,    3) (   5,    3) (   5,    4)
          (   3,    4) (   5,    5) (   5,    6) (   4,    2) (   5,    5) (   5,    5) (   4,    7) (   5,    3) (   4,    6) (   5,    3)
          (   5,    4) (   5,    6) (   2,    5) (   4,    2) (   5,    6) (   5,    5) (   5,    1) (   3,    4) (   5,    5) (   4,    6)
          (   5,    2) (   5,    2) (   3,    3) (   5,    4) (   5,    4) (   4,    3) (   5,    5) (   5,    2) (   5,    4) (   5,    4)
          (   5,    3) (   5,    5) (   3,    3) (   4,    3) (   5,    4) (   4,    4) (   4,    5) (   5,    6) (   5,    5) (   5,    2)
          (   4,    4) (   4,    4) (   3,    2) (   4,    6) (   4,    4) (   5,    2) (   3,    6) (   5,    5) (   5,    4) (   4,    5)
          (   4,    4) (   4,    4) (   5,    1) (   5,    6) (   5,    4) (   4,    5) (   5,    3) (   3,    4) (   5,    5) (   5,    3)
          (   4,    5) (   4,    4) (   4,    2) (   5,    4) (   2,    3) (   4,    4) (   4,    5) (   5,    3) (   5,    5) (   5,    6)
          (   5,    4) (   4,    5) (   5,    2) (   4,    7) (   4,    5) (   4,    4) (   5,    6) (   5,    5) (   5,    4) (   3,    5)
          (   5,    0) (   5,    4) (   5,    5) (   5,    6) (   5,    5) (   4,    4) (   5,    4) (   5,    3) (   5,    3) (   4,    5)
          (   5,    5) (   5,    5) (   5,    6) (   5,    5) (   4,    5) (   5,    3) (   5,    1) (   4,    4) (   4,    5) (   4,    4)
          (   5,    1) (   3,    3) (   5,    4) (   5,    3) (   4,    5) (   5,    2) (   4,    5) (   5,    4) (   4,    3) (   4,    5)
          (   5,    1) (   5,    3) (   4,    0) (   4,    4) (   4,    4) (   5,    4) (   5,    5) (   4,    4) (   3,    4) (   5,    1)
          (   5,    4) (   5,    4) (   5,    7) (   3,    4) (   5,    1) (   4,    4) (   4,    4) (   5,    4) (   4,    3) (   5,    3)
          (   4,    4) (   4,    4) (   4,    4) (   5,    5) (   3,    6) (   5,    4) (   5,    3) (   5,    3) (   5,    5) (   5,    2)
          (   4,    6) (   5,    6) (   4,    3) (   4,    5) (   4,    3) (   5,    6) (   5,    2) (   4,    5) (   5,    4) (   4,    5)
          (   4,    6) (   5,    4) (   5,    4) (   3,    5) (   5,    5) (   4,    7) (   5,    5) (   5,    3) (   5,    4) (   5,    3)
          (   5,    4) (   4,    7) (   3,    3) (   4,    4) (   5,    5) (   5,    7) (   5,    5) (   5,    4) (   5,    4) (   3,    7)
          (   4,    4) (   4,    5) (   5,    7) (   5,    3) (   4,    4) (   5,    5) (   5,    5) (   5,    5) (   5,    1) (   5,    3)
          (   5,    3) (   5,    6) (   5,    8) (   5,    5) (   5,    7) (   5,    6) (   5,    7) (   5,    6) (   5,    6) (   5,    5)
          (   5,    4) (   5,    3) (   5,    6) (   5,    6) (   5,    2) (   5,    3) (   5,    7) (   5,    6) (   5,    5) (   5,    5)
          (   5,    2) (   5,    7) (   5,    3) (   5,    4) (   5,    6) (   5,    4) (   5,    5) (   5,    7) (   5,    5) (   5,    5)
          (   5,    5) (   5,    5) (   5,    6) (   5,    6) (   5,    3) (   5,    4) (   5,    3) (   5,    7) (   5,    4) (   5,    4)
          (   5,    2) (   5,    6) (   5,    8) (   5,    3) (   5,    6) (   5,    4) (   5,    8) (   5,    8) (   5,    5) (   5,    4)
          (   5,    6) (   5,    5) (   5,    6) (   5,    4) (   5,    5) (   5,    5) (   5,    5) (   5,    5) (   5,    7) (   5,    4)
          (   5,    6) (   5,    6) (   5,    6) (   5,    3) (   5,    7) (   5,    5) (   5,    3) (   5,    5) (   5,    5) (   5,    6)
          (   5,    5) (   5,    5) (   5,    5) (   5,    6) (   5,    6) (   5,    6) (   5,    6) (   5,    6) (   5,    6) (   5,    5)
          (   5,    4) (   5,    3) (   5,    5) (   5,    6) (   5,    6) (   5,    4) (   5,    4) (   5,    7) (   5,    5) (   5,    4)
          (   5,    7) (   5,    6) (   5,    5) (   5,    6) (   5,    8) (   5,    6) (   5,    7) (   5,    6) (   5,    4) (   5,    6)
          (   5,    5) (   5,    2) (   5,    6) (   5,    7) (   5,    6) (   5,    7) (   5,    6) (   5,    5) (   5,    6) (   5,    6)
          (   5,    6) (   5,    5) (   5,    4) (   5,    5) (   5,    3) (   5,    5) (   5,    5) (   5,    5) (   5,    5) (   5,    2)
          (   5,    7) (   5,    5) (   5,    7) (   5,    8) (   5,    4) (   5,    7) (   5,    4) (   5,    3) (   5,    7) (   5,    6)
          (   5,    3) (   5,    5) (   5,    5) (   5,    5) (   5,    5) (   5,    4) (   5,    7) (   5,    5) (   5,    7) (   5,    4)
          (   5,    7) (   5,    5) (   5,    5) (   5,    4) (   5,    7) (   5,    3) (   5,    4) (   5,    3) (   5,    6) (   5,    6)
          (   5,    4) (   5,    6) (   5,    6) (   5,    5) (   5,    4) (   5,    5) (   5,    6) (   5,    4) (   5,    7) (   5,    4)
          (   5,    3) (   5,    8) (   5,    5) (   5,    3) (   5,    6) (   5,    7) (   5,    5) (   5,    7) (   5,    6) (   5,    5)
          (   5,    3) (   5,    8) (   5,    6) (   5,    5) (   5,    2) (   5,    6) (   5,    6) (   5,    5) (   5,    5) (   5,    5)
          (   5,    4) (   5,    6) (   5,    2) (   5,    7) (   5,    3) (   5,    6) (   5,    4) (   5,    5) (   5,    6) (   5,    4)
          (   5,    7) (   5,    3) (   5,    6) (   5,    4) (   5,    6) (   5,    7) (   5,    6) (   5,    7) (   5,    4) (   5,    3)
          (   5,    6) (   5,    4) (   5,    5) (   5,    7) (   5,    7) (   5,    7) (   5,    4) (   5,    5) (   5,    4) (   5,    3)
          (   5,    6) (   5,    5) (   5,    6) (   5,    7) (   5,    7) (   5,    2) (   5,    6) (   5,    8) (   5,    4) (   5,    5)
          (   5,    5) (   5,    6) (   5,    3) (   5,    5) (   5,    5) (   5,    6) (   5,    7) (   5,    5) (   5,    4) (   5,    6)
          (   5,    5) (   5,    5) (   5,    4) (   5,    5) (   5,    6) (   5,    6) (   5,    7) (   5,    8) (   5,    3) (   5,    6)
          (   5,    4) (   5,    4) (   5,    7) (   5,    7) (   5,    5) (   5,    4) (   5,    4) (   5,    6) (   5,    4) (   5,    6)
          (   5,    4) (   5,    5) (   5,    3) (   5,    6) (   5,    6) (   5,    6) (   5,    8) (   5,    4) (   5,    7) (   5,    7)
          (   5,    6) (   5,    6) (   5,    6) (   5,    4) (   5,    4) (   5,    6) (   5,    4) (   5,    6) (   5,    5) (   5,    4)
          (   5,    3) (   5,    2) (   5,    6) (   5,    5) (   5,    5) (   5,    5) (   5,    6) (   5,    7) (   5,    7) (   5,    3)
          (   5,    4) (   5,    6) (   5,    5) (   5,    5) (   5,    4) (   5,    4) (   5,    5) (   5,    6) (   5,    4) (   5,    4)
          (   5,    4) (   5,    6) (   5,    6) (   5,    7) (   5,    3) (   5,    5) (   5,    5) (   5,    3) (   5,    6) (   5,    5)
          (   5,    5) (   5,    7) (   5,    3) (   5,    6) (   5,    4) (   5,    4) (   5,    3) (   5,    5) (   5,    6) (   5,    6)
          (   5,    3) (   5,    6) (   5,    6) (   5,    7) (   5,    5) (   5,    6) (   5,    6) (   5,    5) (   5,    6) (   5,    6)
          (   5,    4) (   5,    6) (   5,    4) (   5,    2) (   5,    5) (   5,    3) (   5,    6) (   5,    5) (   5,    5) (   5,    5)
          (   5,    5) (   5,    5) (   5,    7) (   5,    3) (   5,    8) (   5,    6) (   5,    5) (   5,    6) (   5,    4) (   5,    5)
          (   5,    5) (   5,    5) (   5,    7) (   5,    6) (   5,    5) (   5,    7) (   5,    5) (   5,    4) (   5,    7) (   5,    4)
          (   5,    8) (   5,    5) (   5,    7) (   5,    6) (   5,    4) (   5,    3) (   5,    7) (   5,    7) (   5,    5) (   5,    5)
          (   5,    7) (   5,    7) (   5,    7) (   5,    5) (   5,    4) (   5,    2) (   5,    4) (   5,    2) (   5,    4) (   5,    4)
          (   5,    3) (   5,    5) (   5,    7) (   5,    4) (   5,    5) (   5,    1) (   5,    7) (   5,    5) (   5,    4) (   5,    8)
          (   5,    6) (   5,    4) (   5,    5) (   5,    5) (   5,    3) (   5,    4) (   5,    3) (   5,    6) (   5,    3) (   5,    7)
          (   5,    4) (   5,    6) (   5,    5) (   5,    3) (   5,    4) (   5,    4) (   5,    5) (   5,    4) (   5,    6) (   5,    7)
         
node   5 sent_total   3353  recv_total   3325

node   6  (   0,    0) (   1,    0) (   0,    0) (   4,    2) (   4,    1) (   5,    7) (   5,    5) (   5,    3) (   5,    6) (   5,    5)
          (   5,    6) (   5,    6) (   5,    5) (   5,    7) (   5,    2) (   5,    8) (   5,    5) (   5,    6) (   5,    5) (   5,    5)
          (   5,    6) (   5,    6) (   5,    6) (   5,    4) (   5,    5) (   5,    5) (   5,    4) (   5,    5) (   5,    3) (   5,    5)
          (   5,    2) (   5,    5) (   5,    4) (   5,    5) (   5,    7) (   5,    7) (   5,    5) (   5,    5) (   5,    5) (   5,    6)
          (   5,    5) (   5,    5) (   5,    2) (   5,    5) (   5,    5) (   5,    5) (   5,    6) (   5,    5) (   5,    6) (   5,    3)
          (   5,    6) (   5,    3) (   5,    8) (   5,    6) (   5,    8) (   4,    6) (   5,    4) (   5,    3) (   5,    5) (   3,    6)
          (   4,    5) (   4,    1) (   5,    5) (   5,    6) (   4,    2) (   5,    3) (   4,    5) (   4,    7) (   5,    4) (   4,    3)
          (   5,    6) (   5,    4) (   5,    5) (   5,    6) (   5,    5) (   5,    6) (   5,    7) (   5,    4) (   5,    7) (   5,    5)
          (   5,    4) (   5,    6) (   5,    4) (   4,    5) (   4,    2) (   5,    3) (   4,    3) (   5,    6) (   5,    5) (   5,    3)
          (   5,    1) (   4,    7) (   4,    4) (   5,    4) (   3,    3) (   4,    4) (   5,    6) (   5,    6) (   5,    6) (   4,    4)
          (   4,    7) (   4,    4) (   5,    3) (   4,    2) (   5,    3) (   5,    4) (   3,    7) (   4,    3) (   3,    2) (   5,    4)
          (   5,    7) (   5,    1) (   4,    4) (   5,    5) (   5,    2) (   5,    3) (   5,    3) (   4,    5) (   4,    5) (   4,    6)
          (   5,    4) (   5,    5) (   5,    4) (   4,    3) (   5,    6) (   5,    5) (   4,    5) (   5,    3) (   4,    4) (   5,    2)
          (   4,    6) (   5,    3) (   5,    6) (   4,    5) (   5,    3) (   5,    4) (   5,    2) (   5,    4) (   4,    4) (   5,    5)
          (   4,    3) (   3,    5) (   4,    4) (   4,    5) (   4,    7) (   5,    6) (   5,    6) (   5,    5) (   5,    5) (   5,    4)
          (   5,    5) (   5,    3) (   5,    5) (   4,    5) (   4,    6) (   3,    6) (   5,    3) (   5,    4) (   4,    6) (   5,    5)
          (   5,    4) (   5,    6) (   5,    3) (   4,    4) (   4,    4) (   5,    4) (   4,    4) (   4,    6) (   4,    8) (   5,    3)
          (   5,    3) (   4,    5) (   5,    5) (   4,    4) (   5,    5) (   5,    4) (   5,    4) (   4,    3) (   4,    4) (   5,    5)
          (   5,    6) (   4,    3) (   5,    2) (   5,    4) (   5,    3) (   5,    5) (   4,    5) (   5,    5) (   5,    5) (   4,    8)
          (   5,    6) (   5,    6) (   4,    4) (   5,    6) (   4,    4) (   5,    7) (   4,    2) (   5,    2) (   5,    4) (   5,    5)
          (   4,    3) (   5,    6) (   5,    8) (   5,    7) (   5,    6) (   5,    5) (   5,    4) (   3,    5) (   3,    3) (   5,    6)
          (   5,    2) (   5,    4) (   4,    4) (   5,    7) (   3,    6) (   5,    5) (   5,    4) (   4,    3) (   4,    4) (   4,    4)
          (   5,    3) (   5,    6) (   5,    4) (   4,    6) (   4,    3) (   4,    5) (   5,    6) (   5,    4) (   4,    3) (   5,    4)
          (   5,    2) (   5,    6) (   4,    4) (   4,    4) (   5,    4) (   4,    2) (   4,    3) (   5,    5) (   5,    5) (   5,    5)
          (   5,    3) (   4,    4) (   5,    3) (   4,    4) (   4,    3) (   5,    5) (   5,    3) (   4,    3) (   5,    5) (   4,    3)
          (   5,    4) (   5,    2) (   4,    3) (   4,    5) (   4,    7) (   5,    2) (   5,    3) (   5,    2) (   5,    2) (   4,    4)
          (   4,    6) (   5,    7) (   5,    5) (   4,    2) (   5,    3) (   4,    4) (   5,    2) (   5,    4) (   4,    3) (   4,    8)
          (   4,    1) (   4,    4) (   4,    3) (   3,    5) (   5,    5) (   4,    5) (   4,    6) (   5,    3) (   4,    5) (   5,    6)
          (   4,    3) (   3,    6) (   4,    7) (   5,    5) (   5,    3) (   3,    3) (   5,    4) (   4,    6) (   4,    3) (   4,    4)
          (   5,    2) (   5,    7) (   5,    5) (   3,    6) (   5,    5) (   5,    5) (   4,    3) (   4,    4) (   5,    2) (   5,    5)
          (   5,    3) (   5,    4) (   5,    6) (   5,    4) (   5,    4) (   5,    5) (   5,    5) (   5,    6) (   5,    3) (   5,    3)
          (   5,    6) (   5,    3) (   5,    6) (   5,    5) (   5,    3) (   5,    5) (   5,    6) (   5,    5) (   5,    4) (   5,    5)
          (   5,    3) (   5,    5) (   5,    5) (   5,    6) (   5,    8) (   5,    6) (   5,    5) (   5,    4) (   5,    7) (   5,    7)
          (   5,    6) (   5,    5) (   5,    2) (   5,    5) (   5,    3) (   5,    4) (   5,    5) (   5,    6) (   5,    3) (   5,    3)
          (   5,    2) (   5,    5) (   5,    4) (   5,    5) (   5,    5) (   5,    3) (   5,    6) (   5,    6) (   5,    3) (   5,    6)
          (   5,    4) (   5,    4) (   5,    4) (   5,    6) (   5,    4) (   5,    5) (   5,    7) (   5,    4) (   5,    5) (   5,    4)
          (   5,    8) (   5,    3) (   5,    5) (   5,    6) (   5,    6) (   5,    5) (   5,    5) (   5,    5) (   5,    3) (   5,    4)
          (   5,    5) (   5,    6) (   5,    7) (   5,    6) (   5,    6) (   5,    7) (   5,    4) (   5,    7) (   5,    4) (   5,    6)
          (   5,    5) (   5,    4) (   5,    5) (   5,    6) (   5,    6) (   5,    8) (   5,    5) (   5,    5) (   5,    5) (   5,    4)
          (   5,    4) (   5,    5) (   5,    7) (   5,    3) (   5,    4) (   5,    5) (   5,    5) (   5,    5) (   5,    4) (   5,    7)
          (   5,    6) (   5,    5) (   5,    5) (   5,    6) (   5,    5) (   5,    7) (   5,    7) (   5,    4) (   5,    6) (   5,    5)
          (   5,    4) (   5,    6) (   5,    6) (   5,    4) (   5,    7) (   5,    5) (   5,    4) (   5,    5) (   5,    5) (   5,    5)
          (   5,    6) (   5,    7) (   5,    6) (   5,    6) (   5,    7) (   5,    4) (   5,    5) (   5,    4) (   5,    6) (   5,    6)
          (   5,    5) (   5,    6) (   5,    6) (   5,    4) (   5,    5) (   5,    6) (   5,    4) (   5,    5) (   5,    8) (   5,    4)
          (   5,    5) (   5,    5) (   5,    5) (   5,    3) (   5,    9) (   5,    4) (   5,    7) (   5,    6) (   5,    5) (   5,    7)
          (   5,    6) (   5,    5) (   5,    4) (   5,    6) (   5,    3) (   5,    6) (   5,    5) (   5,    7) (   5,    4) (   5,    4)
          (   5,    4) (   5,    3) (   5,    6) (   5,    6) (   5,    5) (   5,    5) (   5,    6) (   5,    7) (   5,    5) (   5,    5)
          (   5,    5) (   5,    6) (   5,    7) (   5,    3) (   5,    5) (   5,    6) (   5,    7) (   5,    6) (   5,    7) (   5,    5)
          (   5,    6) (   5,    6) (   5,    5) (   5,    7) (   5,    4) (   5,    5) (   5,    5) (   5,    5) (   5,    4) (   5,    1)
          (   5,    8) (   5,    3) (   5,    6) (   5,    6) (   5,    3) (   5,    6) (   5,    3) (   5,    4) (   5,    7) (   5,    3)
          (   5,    6) (   5,    3) (   5,    6) (   5,    4) (   5,    5) (   5,    5) (   5,    7) (   5,    4) (   5,    4) (   5,    5)
          (   5,    5) (   5,    7) (   5,    2) (   5,    5) (   5,    8) (   5,    6) (   5,    3) (   5,    7) (   5,    6) (   5,    5)
          (   5,    4) (   5,    7) (   5,    5) (   5,    4) (   5,    5) (   5,    5) (   5,    6) (   5,    1) (   5,    4) (   5,    4)
          (   5,    7) (   5,    3) (   5,    7) (   5,    5) (   5,    5) (   5,    5) (   5,    6) (   5,    8) (   5,    7) (   5,    5)
          (   5,    8) (   5,    5) (   5,    6) (   5,    5) (   5,    4) (   5,    3) (   5,    5) (   5,    5) (   5,    6) (   5,    6)
          (   5,    7) (   5,    7) (   5,    4) (   5,    5) (   5,    6) (   5,    4) (   5,    4) (   5,    3) (   5,    6) (   5,    5)
          (   5,    7) (   5,    6) (   5,    5) (   5,    4) (   5,    4) (   5,    6) (   5,    5) (   5,    4) (   5,    4) (   5,    4)
          (   5,    5) (   5,    3) (   5,    4) (   5,    4) (   5,    4) (   5,    3) (   5,    6) (   5,    3) (   5,    5) (   5,    2)
          (   5,    5) (   5,    6) (   5,    4) (   5,    4) (   5,    5) (   5,    5) (   5,    5) (   5,    6) (   5,    3) (   5,    5)
          (   5,    6) (   5,    4) (   5,    4) (   5,    7) (   5,    5) (   5,    5) (   5,    7) (   5,    4) (   5,    4) (   5,    6)
          (   5,    3) (   5,    5) (   5,    4) (   5,    6) (   5,    4) (   5,    5) (   5,    4) (   5,    5) (   5,    6) (   5,    4)
          (   5,    4) (   5,    4) (   5,    6) (   5,    6) (   5,    2) (   5,    4) (   5,    4) (   5,    3) (   5,    5) (   5,    4)
          (   5,    5) (   5,    3) (   5,    4) (   5,    4) (   5,    2) (   5,    4) (   5,    6) (   5,    6) (   5,    4) (   5,    4)
          (   5,    3) (   5,    5) (   5,    7) (   5,    2) (   5,    5) (   5,    6) (   5,    4) (   5,    5) (   5,    3) (   5,    7)
          (   5,    3) (   5,    5) (   5,    5) (   5,    6) (   5,    4) (   5,    7) (   5,    4) (   5,    5) (   5,    6) (   5,    5)
          (   5,    6) (   5,    3) (   5,    4) (   5,    6) (   5,    4) (   5,    3) (   5,    5) (   5,    4) (   5,    5) (   5,    3)
          (   5,    8) (   5,    6) (   5,    4) (   5,    3) (   5,    4) (   5,    2) (   5,    4) (   5,    5) (   5,    2) (   5,    3)
          (   5,    6) (   5,    4) (   5,    6) (   5,    6) (   5,    5) (   5,    6) (   5,    4) (   5,    5) (   5,    5) (   5,    5)
          (   5,    6) (   5,    4) (   5,    6) (   5,    6) (   5,    7) (   5,    3) (   5,    5) (   5,    4) (   5,    5) (   5,    3)
          (   5,    6) (   5,    2) (   5,    4) (   5,    4) (   5,    4) (   5,    4) (   5,    4) (   5,    3) (   5,    6) (   5,    7)
         
node   6 sent_total   3368  recv_total   3308

node   7  (   0,    0) (   1,    0) (   0,    0) (   4,    2) (   5,    4) (   5,    6) (   5,    4) (   5,    5) (   5,    5) (   5,    3)
          (   5,    5) (   5,    3) (   5,    7) (   5,    8) (   5,    5) (   5,    8) (   5,    5) (   5,    6) (   5,    7) (   5,    8)
          (   5,    5) (   5,    8) (   5,    4) (   5,    4) (   5,    4) (   5,    5) (   5,    5) (   5,    5) (   5,    4) (   5,    4)
          (   5,    3) (   5,    6) (   5,    3) (   5,    2) (   5,    7) (   5,    5) (   5,    5) (   5,    4) (   5,    6) (   5,    6)
          (   5,    5) (   5,    2) (   5,    5) (   5,    5) (   5,    4) (   5,    5) (   5,    4) (   5,    6) (   5,    4) (   5,    7)
          (   5,    4) (   4,    6) (   4,    7) (   4,    5) (   5,    4) (   4,    2) (   5,    6) (   5,    3) (   5,    7) (   5,    3)
          (   5,    4) (   5,    5) (   4,    5) (   5,    6) (   5,    3) (   4,    2) (   5,    5) (   5,    4) (   5,    3) (   5,    3)
          (   5,    5) (   3,    2) (   3,    4) (   4,    7) (   3,    5) (   4,    6) (   4,    4) (   5,    4) (   5,    5) (   4,    3)
          (   4,    5) (   5,    4) (   5,    3) (   5,    3) (   5,    5) (   5,    2) (   5,    3) (   5,    2) (   5,    4) (   5,    7)
          (   3,    4) (   5,    7) (   5,    8) (   5,    5) (   5,    3) (   4,    5) (   4,    5) (   5,    3) (   4,    4) (   4,    5)
          (   5,    3) (   0,    0) (   0,    0) (   0,    0) (   0,    0) (   0,    0) (   0,    0) (   0,    0) (   0,    0) (   0,    0)
          (   0,    0) (   0,    0) (   0,    0) (   0,    0) (   0,    0) (   0,    0) (   0,    0) (   0,    0) (   0,    0) (   0,    0)
          (   0,    0) (   0,    0) (   0,    0) (   0,    0) (   0,    0) (   0,    0) (   0,    0) (   0,    0) (   0,    0) (   0,    0)
          (   0,    0) (   0,    0) (   0,    0) (   0,    0) (   0,    0) (   0,    0) (   0,    0) (   0,    0) (   0,    0) (   0,    0)
          (   0,    0) (   0,    0) (   0,    0) (   0,    0) (   0,    0) (   0,    0) (   0,    0) (   0,    0) (   0,    0) (   0,    0)
          (   0,    0) (   0,    0) (   0,    0) (   0,    0) (   0,    0) (   0,    0) (   0,    0) (   0,    0) (   0,    0) (   0,    0)
          (   0,    0) (   0,    0) (   0,    0) (   0,    0) (   0,    0) (   0,    0) (   0,    0) (   0,    0) (   0,    0) (   0,    0)
          (   0,    0) (   0,    0) (   0,    0) (   0,    0) (   0,    0) (   0,    0) (   0,    0) (   0,    0) (   0,    0) (   0,    0)
          (   0,    0) (   0,    0) (   0,    0) (   0,    0) (   0,    0) (   0,    0) (   0,    0) (   0,    0) (   0,    0) (   0,    0)
          (   0,    0) (   0,    0) (   0,    0) (   0,    0) (   0,    0) (   0,    0) (   0,    0) (   0,    0) (   0,    0) (   0,    0)
          (   0,    0) (   0,    0) (   0,    0) (   0,    0) (   0,    0) (   0,    0) (   0,    0) (   0,    0) (   0,    0) (   0,    0)
          (   0,    0) (   0,    0) (   0,    0) (   0,    0) (   0,    0) (   0,    0) (   0,    0) (   0,    0) (   0,    0) (   0,    0)
          (   0,    0) (   0,    0) (   0,    0) (   0,    0) (   0,    0) (   0,    0) (   0,    0) (   0,    0) (   0,    0) (   0,    0)
          (   0,    0) (   0,    0) (   0,    0) (   0,    0) (   0,    0) (   0,    0) (   0,    0) (   0,    0) (   0,    0) (   0,    0)
          (   0,    0) (   0,    0) (   0,    0) (   0,    0) (   0,    0) (   0,    0) (   0,    0) (   0,    0) (   0,    0) (   0,    0)
          (   0,    0) (   0,    0) (   0,    0) (   0,    0) (   0,    0) (   0,    0) (   0,    0) (   0,    0) (   0,    0) (   0,    0)
          (   0,    0) (   0,    0) (   0,    0) (   0,    0) (   0,    0) (   0,    0) (   0,    0) (   0,    0) (   0,    0) (   0,    0)
          (   0,    0) (   0,    0) (   0,    0) (   0,    0) (   0,    0) (   0,    0) (   0,    0) (   0,    0) (   0,    0) (   0,    0)
          (   0,    0) (   0,    0) (   0,    0) (   0,    0) (   0,    0) (   0,    0) (   0,    0) (   0,    0) (   0,    0) (   0,    0)
          (   0,    0) (   0,    0) (   0,    0) (   0,    0) (   0,    0) (   0,    0) (   0,    0) (   0,    0) (   0,    0) (   0,    0)
          (   0,    0) (   0,    0) (   0,    0) (   0,    0) (   0,    0) (   0,    0) (   0,    0) (   0,    0) (   0,    0) (   0,    0)
          (   0,    0) (   0,    0) (   0,    0) (   0,    0) (   0,    0) (   0,    0) (   0,    0) (   0,    0) (   0,    0) (   0,    0)
          (   0,    0) (   0,    0) (   0,    0) (   0,    0) (   0,    0) (   0,    0) (   0,    0) (   0,    0) (   0,    0) (   0,    0)
          (   0,    0) (   0,    0) (   0,    0) (   0,    0) (   0,    0) (   0,    0) (   0,    0) (   0,    0) (   0,    0) (   0,    0)
          (   0,    0) (   0,    0) (   0,    0) (   0,    0) (   0,    0) (   0,    0) (   0,    0) (   0,    0) (   0,    0) (   0,    0)
          (   0,    0) (   0,    0) (   0,    0) (   0,    0) (   0,    0) (   0,    0) (   0,    0) (   0,    0) (   0,    0) (   0,    0)
          (   0,    0) (   0,    0) (   0,    0) (   0,    0) (   0,    0) (   0,    0) (   0,    0) (   0,    0) (   0,    0) (   0,    0)
          (   0,    0) (   0,    0) (   0,    0) (   0,    0) (   0,    0) (   0,    0) (   0,    0) (   0,    0) (   0,    0) (   0,    0)
          (   0,    0) (   0,    0) (   0,    0) (   0,    0) (   0,    0) (   0,    0) (   0,    0) (   0,    0) (   0,    0) (   0,    0)
          (   0,    0) (   0,    0) (   0,    0) (   0,    0) (   0,    0) (   0,    0) (   0,    0) (   0,    0) (   0,    0) (   0,    0)
          (   0,    0) (   0,    0) (   0,    0) (   0,    0) (   0,    0) (   0,    0) (   0,    0) (   0,    0) (   0,    0) (   0,    0)
          (   0,    0) (   0,    0) (   0,    0) (   0,    0) (   0,    0) (   0,    0) (   0,    0) (   0,    0) (   0,    0) (   0,    0)
          (   0,    0) (   0,    0) (   0,    0) (   0,    0) (   0,    0) (   0,    0) (   0,    0) (   0,    0) (   0,    0) (   0,    0)
          (   0,    0) (   0,    0) (   0,    0) (   0,    0) (   0,    0) (   0,    0) (   0,    0) (   0,    0) (   0,    0) (   0,    0)
          (   0,    0) (   0,    0) (   0,    0) (   0,    0) (   0,    0) (   0,    0) (   0,    0) (   0,    0) (   0,    0) (   0,    0)
          (   0,    0) (   0,    0) (   0,    0) (   0,    0) (   0,    0) (   0,    0) (   0,    0) (   0,    0) (   0,    0) (   0,    0)
          (   0,    0) (   0,    0) (   0,    0) (   0,    0) (   0,    0) (   0,    0) (   0,    0) (   0,    0) (   0,    0) (   0,    0)
          (   0,    0) (   0,    0) (   0,    0) (   0,    0) (   0,    0) (   0,    0) (   0,    0) (   0,    0) (   0,    0) (   0,    0)
          (   0,    0) (   0,    0) (   0,    0) (   0,    0) (   0,    0) (   0,    0) (   0,    0) (   0,    0) (   0,    0) (   0,    0)
          (   0,    0) (   0,    0) (   0,    0) (   0,    0) (   0,    0) (   0,    0) (   0,    0) (   0,    0) (   0,    0) (   0,    0)
          (   0,    0) (   0,    0) (   0,    0) (   0,    0) (   0,    0) (   0,    0) (   0,    0) (   0,    0) (   0,    0) (   0,    0)
          (   0,    0) (   0,    0) (   0,    0) (   0,    0) (   0,    0) (   0,    0) (   0,    0) (   0,    0) (   0,    0) (   0,    0)
          (   0,    0) (   0,    0) (   0,    0) (   0,    0) (   0,    0) (   0,    0) (   0,    0) (   0,    0) (   0,    0) (   0,    0)
          (   0,    0) (   0,    0) (   0,    0) (   0,    0) (   0,    0) (   0,    0) (   0,    0) (   0,    0) (   0,    0) (   0,    0)
          (   0,    0) (   0,    0) (   0,    0) (   0,    0) (   0,    0) (   0,    0) (   0,    0) (   0,    0) (   0,    0) (   0,    0)
          (   0,    0) (   0,    0) (   0,    0) (   0,    0) (   0,    0) (   0,    0) (   0,    0) (   0,    0) (   0,    0) (   0,    0)
          (   0,    0) (   0,    0) (   0,    0) (   0,    0) (   0,    0) (   0,    0) (   0,    0) (   0,    0) (   0,    0) (   0,    0)
          (   0,    0) (   0,    0) (   0,    0) (   0,    0) (   0,    0) (   0,    0) (   0,    0) (   0,    0) (   0,    0) (   0,    0)
          (   0,    0) (   0,    0) (   0,    0) (   0,    0) (   0,    0) (   0,    0) (   0,    0) (   0,    0) (   0,    0) (   0,    0)
          (   0,    0) (   0,    0) (   0,    0) (   0,    0) (   0,    0) (   0,    0) (   0,    0) (   0,    0) (   0,    0) (   0,    0)
          (   0,    0) (   0,    0) (   0,    0) (   0,    0) (   0,    0) (   0,    0) (   0,    0) (   0,    0) (   0,    0) (   0,    0)
          (   0,    0) (   0,    0) (   0,    0) (   0,    0) (   0,    0) (   0,    0) (   0,    0) (   0,    0) (   0,    0) (   0,    0)
          (   0,    0) (   0,    0) (   0,    0) (   0,    0) (   0,    0) (   0,    0) (   0,    0) (   0,    0) (   0,    0) (   0,    0)
          (   0,    0) (   0,    0) (   0,    0) (   0,    0) (   0,    0) (   0,    0) (   0,    0) (   0,    0) (   0,    0) (   0,    0)
          (   0,    0) (   0,    0) (   0,    0) (   0,    0) (   0,    0) (   0,    0) (   0,    0) (   0,    0) (   0,    0) (   0,    0)
          (   0,    0) (   0,    0) (   0,    0) (   0,    0) (   0,    0) (   0,    0) (   0,    0) (   0,    0) (   0,    0) (   0,    0)
          (   0,    0) (   0,    0) (   0,    0) (   0,    0) (   0,    0) (   0,    0) (   0,    0) (   0,    0) (   0,    0) (   0,    0)
          (   0,    0) (   0,    0) (   0,    0) (   0,    0) (   0,    0) (   0,    0) (   0,    0) (   0,    0) (   0,    0) (   0,    0)
          (   0,    0) (   0,    0) (   0,    0) (   0,    0) (   0,    0) (   0,    0) (   0,    0) (   0,    0) (   0,    0) (   0,    0)
          (   0,    0) (   0,    0) (   0,    0) (   0,    0) (   0,    0) (   0,    0) (   0,    0) (   0,    0) (   0,    0) (   0,    0)
         
node   7 sent_total    467  recv_total    455

node   8  (   0,    0) (   1,    0) (   0,    0) (   4,    1) (   5,    3) (   5,    5) (   5,    4) (   5,    5) (   5,    6) (   5,    3)
          (   5,    4) (   5,    4) (   5,    5) (   5,    8) (   5,    3) (   5,    5) (   5,    7) (   5,    4) (   5,    6) (   5,    6)
          (   5,    5) (   5,    5) (   5,    2) (   5,    3) (   5,    6) (   5,    3) (   5,    4) (   5,    4) (   5,    7) (   5,    4)
          (   5,    4) (   5,    6) (   5,    3) (   5,    1) (   5,    4) (   5,    7) (   5,    7) (   5,    4) (   5,    4) (   5,    5)
          (   5,    5) (   5,    4) (   5,    5) (   5,    2) (   5,    6) (   5,    6) (   5,    7) (   5,    6) (   5,    5) (   5,    6)
          (   5,    5) (   4,    4) (   4,    4) (   4,    3) (   5,    5) (   5,    5) (   4,    6) (   4,    4) (   3,    4) (   5,    3)
          (   5,    6) (   5,    7) (   4,    4) (   5,    3) (   4,    3) (   4,    3) (   5,    5) (   5,    4) (   5,    5) (   5,    6)
          (   5,    4) (   5,    4) (   5,    3) (   5,    6) (   5,    6) (   5,    6) (   5,    3) (   2,    4) (   5,    4) (   3,    3)
          (   4,    8) (   5,    2) (   4,    5) (   5,    6) (   5,    4) (   5,    3) (   4,    2) (   5,    3) (   4,    3) (   3,    7)
          (   5,    5) (   4,    7) (   5,    5) (   4,    3) (   5,    6) (   4,    6) (   3,    4) (   5,    5) (   5,    5) (   5,    3)
          (   4,    3) (   5,    2) (   5,    7) (   5,    3) (   5,    6) (   5,    4) (   5,    4) (   4,    4) (   5,    1) (   4,    3)
          (   5,    2) (   5,    5) (   4,    2) (   5,    5) (   4,    3) (   5,    4) (   4,    2) (   5,    6) (   4,    8) (   5,    3)
          (   5,    3) (   5,    2) (   4,    2) (   4,    4) (   3,    4) (   5,    3) (   4,    6) (   5,    5) (   4,    3) (   5,    5)
          (   5,    4) (   5,    2) (   4,    5) (   5,    3) (   5,    4) (   4,    4) (   5,    2) (   5,    4) (   5,    3) (   5,    5)
          (   4,    5) (   3,    6) (   5,    2) (   3,    2) (   5,    5) (   5,    5) (   4,    5) (   5,    6) (   4,    2) (   5,    4)
          (   3,    3) (   4,    2) (   5,    4) (   5,    6) (   5,    7) (   4,    7) (   4,    5) (   4,    2) (   5,    6) (   3,    5)
          (   5,    6) (   5,    4) (   5,    4) (   4,    3) (   5,    2) (   5,    3) (   5,    4) (   5,    3) (   5,    5) (   5,    4)
          (   5,    4) (   3,    6) (   4,    3) (   5,    6) (   4,    6) (   4,    5) (   5,    6) (   4,    3) (   4,    4) (   5,    5)
          (   4,    4) (   5,    3) (   4,    4) (   5,    5) (   5,    3) (   3,    4) (   5,    5) (   4,    2) (   5,    5) (   5,    6)
          (   5,    5) (   5,    5) (   5,    4) (   5,    3) (   5,    4) (   5,    4) (   5,    2) (   5,    3) (   4,    5) (   5,    5)
          (   5,    4) (   5,    4) (   5,    4) (   5,    7) (   4,    5) (   3,    6) (   5,    3) (   5,    6) (   5,    2) (   5,    4)
          (   5,    5) (   4,    5) (   4,    3) (   4,    6) (   4,    4) (   2,    3) (   5,    5) (   5,    6) (   5,    4) (   3,    4)
          (   4,    4) (   4,    3) (   3,    3) (   5,    6) (   5,    4) (   5,    6) (   4,    5) (   4,    3) (   2,    3) (   3,    5)
          (   4,    4) (   5,    5) (   5,    3) (   5,    6) (   4,    4) (   4,    4) (   4,    4) (   5,    5) (   3,    5) (   5,    5)
          (   5,    4) (   4,    6) (   4,    4) (   5,    5) (   4,    7) (   4,    2) (   4,    5) (   5,    6) (   5,    3) (   5,    5)
          (   4,    5) (   5,    4) (   3,    0) (   4,    2) (   5,    5) (   5,    3) (   5,    3) (   4,    4) (   4,    5) (   4,    4)
          (   5,    4) (   5,    6) (   4,    6) (   5,    5) (   5,    4) (   3,    2) (   5,    4) (   5,    3) (   4,    4) (   4,    7)
          (   5,    5) (   4,    5) (   4,    5) (   5,    4) (   5,    3) (   5,    6) (   5,    6) (   5,    4) (   5,    8) (   4,    6)
          (   4,    2) (   5,    4) (   5,    5) (   5,    5) (   4,    2) (   5,    6) (   5,    6) (   5,    4) (   5,    4) (   5,    4)
          (   4,    7) (   4,    6) (   5,    2) (   5,    4) (   4,    3) (   5,    6) (   4,    6) (   4,    4) (   4,    3) (   3,    3)
          (   4,    5) (   5,    4) (   5,    6) (   5,    7) (   5,    3) (   5,    7) (   5,    6) (   5,    4) (   5,    3) (   5,    3)
          (   5,    7) (   5,    6) (   5,    7) (   5,    5) (   5,    6) (   5,    3) (   5,    5) (   5,    7) (   5,    4) (   5,    7)
          (   5,    4) (   5,    3) (   5,    3) (   5,    5) (   5,    8) (   5,    4) (   5,    4) (   5,    4) (   5,    6) (   5,    4)
          (   5,    3) (   5,    7) (   5,    4) (   5,    3) (   5,    2) (   5,    3) (   5,    6) (   5,    6) (   5,    5) (   5,    5)
          (   5,    5) (   5,    6) (   5,    3) (   5,    8) (   5,    5) (   5,    4) (   5,    6) (   5,    7) (   5,    7) (   5,    7)
          (   5,    5) (   5,    4) (   5,    5) (   5,    5) (   5,    5) (   5,    5) (   5,    8) (   5,    2) (   5,    4) (   5,    5)
          (   5,    5) (   5,    3) (   5,    6) (   5,    7) (   5,    5) (   5,    6) (   5,    6) (   5,    5) (   5,    5) (   5,    7)
          (   5,    7) (   5,    6) (   5,    3) (   5,    4) (   5,    5) (   5,    5) (   5,    3) (   5,    5) (   5,    4) (   5,    6)
          (   5,    4) (   5,    6) (   5,    4) (   5,    5) (   5,    4) (   5,    8) (   5,    7) (   5,    4) (   5,    7) (   5,    5)
          (   5,    5) (   5,    6) (   5,    4) (   5,    3) (   5,    0) (   5,    5) (   5,    5) (   5,    6) (   5,    5) (   5,    5)
          (   5,    5) (   5,    6) (   5,    4) (   5,    7) (   5,    4) (   5,    5) (   5,    6) (   5,    6) (   5,    2) (   5,    5)
          (   5,    4) (   5,    4) (   5,    7) (   5,    5) (   5,    7) (   5,    6) (   5,    5) (   5,    8) (   5,    1) (   5,    5)
          (   5,    4) (   5,    6) (   5,    8) (   5,    3) (   5,    6) (   5,    4) (   5,    7) (   5,    6) (   5,    6) (   5,    6)
          (   5,    5) (   5,    6) (   5,    4) (   5,    4) (   5,    5) (   5,    5) (   5,    5) (   5,    7) (   5,    6) (   5,    3)
          (   5,    2) (   5,    5) (   5,    3) (   5,    4) (   5,    8) (   5,    3) (   5,    7) (   5,    6) (   5,    7) (   5,    7)
          (   5,    5) (   5,    7) (   5,    4) (   5,    6) (   5,    4) (   5,    4) (   5,    5) (   5,    5) (   5,    5) (   5,    7)
          (   5,    5) (   5,    4) (   5,    7) (   5,    6) (   5,    4) (   5,    2) (   5,    4) (   5,    6) (   5,    3) (   5,    3)
          (   5,    4) (   5,    7) (   5,    6) (   5,    6) (   5,    6) (   5,    4) (   5,    5) (   5,    6) (   5,    3) (   5,    7)
          (   5,    5) (   5,    6) (   5,    4) (   5,    7) (   5,    3) (   5,    6) (   5,    4) (   5,    7) (   5,    3) (   5,    5)
          (   5,    6) (   5,    6) (   5,    6) (   5,    5) (   5,    2) (   5,    2) (   5,    4) (   5,    3) (   5,    5) (   5,    7)
          (   5,    6) (   5,    4) (   5,    4) (   5,    4) (   5,    7) (   5,    3) (   5,    7) (   5,    2) (   5,    6) (   5,    3)
          (   5,    4) (   5,    7) (   5,    5) (   5,    4) (   5,    7) (   5,    5) (   5,    2) (   5,    5) (   5,    6) (   5,    4)
          (   5,    6) (   5,    3) (   5,    3) (   5,    4) (   5,    5) (   5,    7) (   5,    5) (   5,    1) (   5,    4) (   5,    7)
          (   5,    7) (   5,    4) (   5,    4) (   5,    5) (   5,    5) (   5,    2) (   5,    6) (   5,    6) (   5,    5) (   5,    5)
          (   5,    5) (   5,    5) (   5,    6) (   5,    7) (   5,    5) (   5,    3) (   5,    9) (   5,    6) (   5,    6) (   5,    3)
          (   5,    7) (   5,    6) (   5,    3) (   5,    3) (   5,    4) (   5,    3) (   5,    2) (   5,    4) (   5,    6) (   5,    5)
          (   5,    5) (   5,    8) (   5,    6) (   5,    5) (   5,    7) (   5,    7) (   5,    5) (   5,    2) (   5,    6) (   5,    5)
          (   5,    7) (   5,    5) (   5,    2) (   5,    3) (   5,    7) (   5,    6) (   5,    6) (   5,    4) (   5,    4) (   5,    6)
          (   5,    4) (   5,    8) (   5,    4) (   5,    7) (   5,    7) (   5,    2) (   5,    4) (   5,    8) (   5,    4) (   5,    5)
          (   5,    7) (   5,    3) (   5,    7) (   5,    6) (   5,    6) (   5,    5) (   5,    5) (   5,    4) (   5,    5) (   5,    6)
          (   5,    3) (   5,    5) (   5,    6) (   5,    4) (   5,    5) (   5,    5) (   5,    4) (   5,    3) (   5,    5) (   5,    5)
          (   5,    5) (   5,    7) (   5,    6) (   5,    4) (   5,    6) (   5,    6) (   5,    5) (   5,    6) (   5,    5) (   5,    3)
          (   5,    7) (   5,    6) (   5,    4) (   5,    4) (   5,    5) (   5,    6) (   5,    3) (   5,    2) (   5,    3) (   5,    3)
          (   5,    3) (   5,    6) (   5,    7) (   5,    6) (   5,    4) (   5,    5) (   5,    4) (   5,    2) (   5,    5) (   5,    7)
          (   5,    4) (   5,    7) (   5,    5) (   5,    6) (   5,    4) (   5,    8) (   5,    1) (   5,    8) (   5,    3) (   5,    4)
          (   5,    7) (   5,    2) (   5,    5) (   5,    5) (   5,    5) (   5,    3) (   5,    6) (   5,    4) (   5,    4) (   5,    1)
          (   5,    4) (   5,    5) (   5,    5) (   5,    3) (   5,    4) (   5,    4) (   5,    5) (   5,    5) (   5,    4) (   5,    5)
          (   5,    7) (   5,    7) (   5,    4) (   5,    3) (   5,    4) (   5,    4) (   5,    3) (   5,    5) (   5,    3) (   5,    3)
          (   5,    7) (   5,    3) (   5,    3) (   5,    5) (   5,    7) (   5,    4) (   5,    5) (   5,    6) (   5,    6) (   5,    3)
          (   5,    5) (   5,    5) (   5,    5) (   5,    6) (   5,    6) (   5,    6) (   5,    7) (   5,    5) (   5,    4) (   5,    5)
         
node   8 sent_total   3355  recv_total   3270

node   9  (   0,    0) (   0,    0) (   1,    0) (   0,    0) (   5,    2) (   5,    2) (   5,    5) (   5,    5) (   5,    3) (   5,    2)
          (   5,    3) (   5,    5) (   5,    6) (   5,    5) (   5,    4) (   5,    3) (   5,    7) (   5,    5) (   5,    5) (   5,    3)
          (   5,    6) (   5,    5) (   5,    1) (   5,    7) (   5,    6) (   5,    5) (   5,    3) (   5,    2) (   5,    6) (   5,    5)
          (   5,    7) (   5,    7) (   5,    4) (   5,    4) (   5,    2) (   5,    6) (   5,    3) (   5,    7) (   5,    3) (   5,    7)
          (   5,    6) (   5,    6) (   5,    6) (   5,    2) (   5,    4) (   5,    6) (   5,    6) (   5,    6) (   5,    4) (   5,    9)
          (   5,    6) (   4,    5) (   4,    3) (   5,    5) (   4,    3) (   5,    7) (   5,    6) (   4,    7) (   5,    5) (   5,    5)
          (   5,    6) (   5,    7) (   5,    5) (   4,    3) (   5,    4) (   5,    5) (   4,    5) (   4,    3) (   4,    6) (   5,    6)
          (   5,    3) (   5,    5) (   4,    3) (   4,    3) (   5,    4) (   5,    3) (   5,    4) (   3,    4) (   5,    4) (   5,    3)
          (   5,    7) (   4,    3) (   5,    3) (   4,    8) (   3,    6) (   5,    2) (   4,    4) (   5,    3) (   4,    5) (   4,    6)
          (   5,    6) (   4,    7) (   5,    5) (   4,    6) (   5,    4) (   5,    6) (   4,    6) (   5,    2) (   5,    2) (   5,    5)
          (   5,    2) (   5,    4) (   4,    4) (   4,    6) (   4,    5) (   5,    2) (   5,    2) (   5,    6) (   4,    3) (   4,    4)
          (   5,    3) (   4,    4) (   4,    2) (   5,    2) (   5,    4) (   5,    6) (   4,    2) (   5,    5) (   5,    4) (   5,    3)
          (   5,    5) (   5,    3) (   5,    2) (   4,    5) (   5,    3) (   5,    3) (   4,    4) (   4,    3) (   5,    3) (   4,    3)
          (   4,    6) (   5,    2) (   4,    4) (   5,    6) (   4,    3) (   5,    5) (   5,    5) (   4,    5) (   3,    4) (   5,    3)
          (   5,    6) (   5,    7) (   4,    3) (   4,    3) (   5,    2) (   5,    4) (   5,    5) (   4,    5) (   5,    2) (   4,    4)
          (   5,    6) (   4,    5) (   5,    5) (   5,    5) (   5,    3) (   5,    5) (   4,    3) (   5,    2) (   4,    4) (   4,    3)
          (   5,    7) (   5,    5) (   5,    3) (   5,    4) (   3,    3) (   5,    4) (   5,    3) (   4,    5) (   5,    5) (   4,    4)
          (   2,    3) (   4,    6) (   5,    3) (   4,    6) (   4,    3) (   4,    4) (   5,    5) (   4,    4) (   3,    2) (   5,    7)
          (   5,    6) (   5,    4) (   5,    3) (   4,    4) (   4,    5) (   4,    3) (   4,    7) (   5,    5) (   4,    5) (   5,    2)
          (   5,    4) (   4,    5) (   5,    7) (   5,    3) (   5,    6) (   4,    1) (   5,    4) (   5,    5) (   5,    7) (   5,    3)
          (   4,    6) (   5,    3) (   5,    4) (   5,    4) (   5,    5) (   4,    5) (   4,    4) (   4,    6) (   5,    2) (   4,    6)
          (   4,    6) (   5,    6) (   5,    4) (   5,    6) (   4,    3) (   5,    5) (   5,    5) (   5,    7) (   4,    5) (   5,    6)
          (   5,    3) (   5,    5) (   4,    3) (   5,    4) (   5,    6) (   5,    4) (   5,    5) (   5,    3) (   5,    5) (   4,    4)
          (   5,    5) (   5,    5) (   4,    6) (   5,    6) (   5,    3) (   4,    5) (   4,    4) (   4,    4) (   3,    4) (   5,    4)
          (   5,    5) (   5,    6) (   4,    3) (   4,    5) (   5,    7) (   4,    2) (   5,    3) (   4,    3) (   4,    2) (   4,    4)
          (   4,    3) (   5,    5) (   5,    4) (   4,    5) (   4,    2) (   3,    3) (   4,    3) (   3,    5) (   4,    3) (   4,    5)
          (   5,    2) (   5,    3) (   4,    3) (   3,    4) (   4,    3) (   4,    3) (   4,    3) (   5,    5) (   5,    7) (   5,    5)
          (   4,    1) (   4,    3) (   3,    5) (   5,    6) (   5,    4) (   5,    5) (   3,    7) (   4,    4) (   5,    7) (   5,    6)
          (   4,    2) (   5,    5) (   4,    5) (   4,    3) (   5,    5) (   4,    4) (   3,    4) (   5,    5) (   4,    3) (   4,    4)
          (   5,    5) (   5,    7) (   4,    3) (   4,    4) (   5,    3) (   5,    4) (   5,    6) (   5,    6) (   5,    4) (   5,    6)
          (   5,    3) (   5,    5) (   5,    5) (   5,    8) (   5,    3) (   5,    6) (   5,    6) (   5,    2) (   5,    4) (   5,    3)
          (   5,    7) (   5,    5) (   5,    7) (   5,    3) (   5,    7) (   5,    5) (   5,    7) (   5,    5) (   5,    4) (   5,    5)
          (   5,    7) (   5,    4) (   5,    4) (   5,    5) (   5,    5) (   5,    6) (   5,    7) (   5,    4) (   5,    5) (   5,    4)
          (   5,    4) (   5,    6) (   5,    6) (   5,    4) (   5,    5) (   5,    3) (   5,    6) (   5,    8) (   5,    7) (   5,    5)
          (   5,    6) (   5,    6) (   5,    3) (   5,    6) (   5,    4) (   5,    5) (   5,    6) (   5,    7) (   5,    8) (   5,    6)
          (   5,    6) (   5,    5) (   5,    2) (   5,    6) (   5,    5) (   5,    4) (   5,    8) (   5,    5) (   5,    7) (   5,    5)
          (   5,    2) (   5,    4) (   5,    3) (   5,    6) (   5,    5) (   5,    4) (   5,    5) (   5,    7) (   5,    5) (   5,    5)
          (   5,    8) (   5,    5) (   5,    3) (   5,    4) (   5,    6) (   5,    5) (   5,    4) (   5,    4) (   5,    4) (   5,    6)
          (   5,    5) (   5,    4) (   5,    4) (   5,    8) (   5,    3) (   5,    6) (   5,    6) (   5,    1) (   5,    5) (   5,    6)
          (   5,    6) (   5,    4) (   5,    7) (   5,    6) (   5,    0) (   5,    5) (   5,    5) (   5,    6) (   5,    5) (   5,    3)
          (   5,    5) (   5,    6) (   5,    5) (   5,    6) (   5,    4) (   5,    1) (   5,    5) (   5,    5) (   5,    4) (   5,    2)
          (   5,    5) (   5,    5) (   5,    6) (   5,    6) (   5,    7) (   5,    6) (   5,    4) (   5,    7) (   5,    5) (   5,    6)
          (   5,    5) (   5,    6) (   5,    6) (   5,    3) (   5,    7) (   5,    3) (   5,    5) (   5,    5) (   5,    6) (   5,    5)
          (   5,    6) (   5,    5) (   5,    5) (   5,    5) (   5,    4) (   5,    6) (   5,    4) (   5,    6) (   5,    5) (   5,    6)
          (   5,    4) (   5,    4) (   5,    3) (   5,    7) (   5,    6) (   5,    4) (   5,    7) (   5,    7) (   5,    6) (   5,    5)
          (   5,    5) (   5,    8) (   5,    4) (   5,    4) (   5,    3) (   5,    6) (   5,    4) (   5,    5) (   5,    6) (   5,    6)
          (   5,    6) (   5,    3) (   5,    7) (   5,    7) (   5,    5) (   5,    3) (   5,    6) (   5,    7) (   5,    5) (   5,    3)
          (   5,    6) (   5,    6) (   5,    6) (   5,    4) (   5,    5) (   5,    3) (   5,    4) (   5,    6) (   5,    4) (   5,    6)
          (   5,    6) (   5,    3) (   5,    6) (   5,    6) (   5,    3) (   5,    6) (   5,    8) (   5,    6) (   5,    5) (   5,    4)
          (   5,    4) (   5,    7) (   5,    4) (   5,    6) (   5,    1) (   5,    4) (   5,    4) (   5,    2) (   5,    5) (   5,    8)
          (   5,    5) (   5,    6) (   5,    7) (   5,    7) (   5,    5) (   5,    3) (   5,    6) (   5,    1) (   5,    5) (   5,    4)
          (   5,    3) (   5,    7) (   5,    5) (   5,    3) (   5,    4) (   5,    7) (   5,    5) (   5,    7) (   5,    3) (   5,    4)
          (   5,    6) (   5,    3) (   5,    4) (   5,    4) (   5,    4) (   5,    6) (   5,    3) (   5,    4) (   5,    4) (   5,    6)
          (   5,    4) (   5,    4) (   5,    3) (   5,    4) (   5,    7) (   5,    4) (   5,    3) (   5,    3) (   5,    5) (   5,    7)
          (   5,    5) (   5,    4) (   5,    6) (   5,    4) (   5,    5) (   5,    4) (   5,    7) (   5,    5) (   5,    8) (   5,    3)
          (   5,    7) (   5,    5) (   5,    3) (   5,    6) (   5,    4) (   5,    4) (   5,    2) (   5,    6) (   5,    7) (   5,    5)
          (   5,    5) (   5,    5) (   5,    6) (   5,    6) (   5,    6) (   5,    6) (   5,    6) (   5,    3) (   5,    4) (   5,    7)
          (   5,    5) (   5,    7) (   5,    4) (   5,    5) (   5,    5) (   5,    5) (   5,    5) (   5,    5) (   5,    4) (   5,    4)
          (   5,    4) (   5,    8) (   5,    7) (   5,    6) (   5,    8) (   5,    3) (   5,    5) (   5,    5) (   5,    4) (   5,    7)
          (   5,    6) (   5,    2) (   5,    6) (   5,    3) (   5,    4) (   5,    4) (   5,    4) (   5,    5) (   5,    4) (   5,    8)
          (   5,    4) (   5,    5) (   5,    7) (   5,    5) (   5,    6) (   5,    5) (   5,    6) (   5,    5) (   5,    4) (   5,    6)
          (   5,    6) (   5,    4) (   5,    5) (   5,    4) (   5,    7) (   5,    6) (   5,    4) (   5,    4) (   5,    5) (   5,    2)
          (   5,    6) (   5,    5) (   5,    5) (   5,    4) (   5,    5) (   5,    7) (   5,    5) (   5,    2) (   5,    5) (   5,    3)
          (   5,    2) (   5,    6) (   5,    7) (   5,    5) (   5,    4) (   5,    5) (   5,    4) (   5,    4) (   5,    3) (   5,    5)
          (   5,    3) (   5,    5) (   5,    6) (   5,    6) (   5,    8) (   5,    6) (   5,    5) (   5,    6) (   5,    5) (   5,    7)
          (   5,    3) (   5,    3) (   5,    5) (   5,    4) (   5,    7) (   5,    3) (   5,    5) (   5,    4) (   5,    6) (   5,    5)
          (   5,    3) (   5,    5) (   5,    4) (   5,    6) (   5,    5) (   5,    5) (   5,    7) (   5,    7) (   5,    4) (   5,    5)
          (   5,    6) (   5,    5) (   5,    5) (   5,    6) (   5,    4) (   5,    5) (   5,    2) (   5,    5) (   5,    5) (   5,    5)
          (   5,    7) (   5,    5) (   5,    6) (   5,    5) (   5,    6) (   5,    6) (   5,    4) (   5,    6) (   5,    8) (   5,    2)
          (   5,    5) (   5,    4) (   5,    5) (   5,    9) (   5,    6) (   5,    6) (   5,    6) (   5,    6) (   5,    5) (   5,    5)
         
node   9 sent_total   3357  recv_total   3303

node  10  (   0,    0) (   0,    0) (   1,    0) (   0,    0) (   5,    2) (   5,    3) (   5,    6) (   5,    4) (   5,    6) (   5,    2)
          (   5,    5) (   5,    5) (   5,    3) (   5,    4) (   5,    7) (   5,    1) (   5,    5) (   5,    4) (   5,    3) (   5,    5)
          (   5,    3) (   5,    5) (   5,    6) (   5,    6) (   5,    5) (   5,    6) (   5,    3) (   5,    2) (   5,    6) (   5,    7)
          (   5,    6) (   5,    5) (   5,    4) (   5,    5) (   5,    5) (   5,    6) (   5,    5) (   5,    8) (   5,    3) (   5,    6)
          (   5,    6) (   5,    5) (   5,    6) (   5,    0) (   5,    6) (   5,    7) (   5,    6) (   5,    3) (   5,    3) (   5,    8)
          (   5,    2) (   3,    4) (   5,    3) (   4,    5) (   5,    3) (   5,    4) (   5,    5) (   4,    6) (   5,    3) (   5,    3)
          (   4,    6) (   5,    6) (   4,    6) (   4,    3) (   5,    4) (   5,    5) (   5,    6) (   5,    4) (   4,    6) (   5,    4)
          (   4,    1) (   5,    3) (   5,    2) (   5,    4) (   4,    5) (   5,    4) (   5,    4) (   5,    3) (   5,    4) (   5,    4)
          (   5,    5) (   5,    1) (   5,    3) (   5,    4) (   4,    8) (   5,    4) (   4,    6) (   4,    3) (   5,    6) (   5,    6)
          (   5,    8) (   5,    5) (   4,    7) (   5,    4) (   4,    4) (   4,    6) (   5,    3) (   5,    4) (   5,    3) (   5,    7)
          (   5,    1) (   5,    4) (   5,    7) (   5,    6) (   3,    6) (   4,    5) (   4,    3) (   5,    6) (   5,    3) (   4,    4)
          (   5,    3) (   5,    6) (   3,    2) (   3,    5) (   4,    6) (   4,    5) (   5,    4) (   5,    4) (   5,    4) (   4,    2)
          (   4,    3) (   4,    3) (   4,    4) (   5,    6) (   4,    4) (   5,    2) (   4,    4) (   5,    6) (   3,    3) (   4,    5)
          (   4,    5) (   4,    4) (   5,    4) (   5,    4) (   4,    5) (   5,    3) (   5,    5) (   4,    5) (   5,    5) (   5,    5)
          (   5,    6) (   5,    7) (   5,    4) (   5,    4) (   5,    1) (   5,    2) (   5,    8) (   5,    7) (   5,    6) (   4,    4)
          (   4,    7) (   4,    4) (   4,    6) (   4,    4) (   5,    4) (   4,    4) (   4,    5) (   5,    5) (   5,    5) (   4,    4)
          (   5,    6) (   4,    7) (   5,    4) (   4,    3) (   4,    4) (   5,    5) (   4,    3) (   5,    5) (   4,    5) (   5,    4)
          (   5,    5) (   2,    6) (   5,    3) (   5,    4) (   5,    5) (   5,    4) (   3,    4) (   5,    3) (   5,    5) (   4,    5)
          (   3,    5) (   4,    5) (   5,    4) (   3,    4) (   4,    5) (   4,    3) (   5,    4) (   5,    4) (   5,    5) (   3,    5)
          (   5,    6) (   4,    7) (   5,    7) (   4,    3) (   4,    2) (   4,    4) (   5,    6) (   5,    5) (   4,    4) (   4,    4)
          (   5,    6) (   4,    3) (   4,    4) (   5,    4) (   5,    4) (   3,    5) (   4,    4) (   4,    5) (   5,    3) (   5,    5)
          (   5,    5) (   5,    5) (   5,    2) (   4,    3) (   5,    2) (   4,    4) (   4,    5) (   4,    6) (   4,    4) (   5,    5)
          (   5,    5) (   4,    6) (   4,    5) (   5,    7) (   5,    6) (   4,    5) (   3,    5) (   5,    5) (   5,    5) (   3,    5)
          (   5,    4) (   5,    4) (   5,    4) (   4,    6) (   5,    5) (   3,    6) (   5,    5) (   4,    6) (   5,    3) (   4,    3)
          (   5,    3) (   5,    5) (   5,    2) (   4,    5) (   4,    7) (   5,    6) (   5,    4) (   2,    5) (   4,    4) (   3,    6)
          (   5,    3) (   4,    7) (   5,    5) (   5,    3) (   5,    2) (   4,    4) (   5,    6) (   3,    7) (   4,    4) (   4,    4)
          (   5,    4) (   3,    3) (   5,    4) (   5,    4) (   4,    4) (   4,    4) (   5,    5) (   4,    2) (   4,    6) (   5,    6)
          (   4,    2) (   4,    3) (   5,    6) (   4,    1) (   5,    2) (   3,    4) (   4,    4) (   5,    5) (   4,    7) (   4,    5)
          (   5,    4) (   4,    5) (   5,    3) (   4,    3) (   5,    5) (   5,    5) (   4,    5) (   5,    5) (   5,    3) (   5,    6)
          (   4,    7) (   5,    6) (   4,    3) (   4,    3) (   4,    4) (   5,    1) (   5,    4) (   5,    4) (   4,    4) (   4,    6)
          (   4,    5) (   5,    2) (   5,    5) (   5,    8) (   5,    2) (   5,    5) (   5,    3) (   5,    6) (   5,    5) (   5,    3)
          (   5,    6) (   5,    4) (   5,    6) (   5,    6) (   5,    6) (   5,    5) (   5,    4) (   5,    6) (   5,    3) (   5,    7)
          (   5,    7) (   5,    3) (   5,    5) (   5,    4) (   5,    6) (   5,    6) (   5,    5) (   5,    6) (   5,    3) (   5,    7)
          (   5,    4) (   5,    7) (   5,    4) (   5,    4) (   5,    3) (   5,    4) (   5,    5) (   5,    6) (   5,    8) (   5,    4)
          (   5,    8) (   5,    5) (   5,    2) (   5,    5) (   5,    4) (   5,    3) (   5,    6) (   5,    6) (   5,    5) (   5,    7)
          (   5,    7) (   5,    6) (   5,    0) (   5,    6) (   5,    7) (   5,    3) (   5,    7) (   5,    5) (   5,    6) (   5,    8)
          (   5,    3) (   5,    3) (   5,    2) (   5,    5) (   5,    5) (   5,    7) (   5,    7) (   5,    4) (   5,    5) (   5,    7)
          (   5,    4) (   5,    5) (   5,    3) (   5,    3) (   5,    6) (   5,    4) (   5,    4) (   5,    4) (   5,    4) (   5,    6)
          (   5,    6) (   5,    6) (   5,    5) (   5,    6) (   5,    5) (   5,    6) (   5,    6) (   5,    6) (   5,    5) (   5,    7)
          (   5,    4) (   5,    5) (   5,    6) (   5,    5) (   5,    0) (   5,    5) (   5,    3) (   5,    6) (   5,    5) (   5,    2)
          (   5,    6) (   5,    7) (   5,    2) (   5,    4) (   5,    5) (   5,    1) (   5,    3) (   5,    5) (   5,    5) (   5,    3)
          (   5,    4) (   5,    6) (   5,    5) (   5,    8) (   5,    6) (   5,    5) (   5,    4) (   5,    7) (   5,    3) (   5,    6)
          (   5,    5) (   5,    7) (   5,    5) (   5,    1) (   5,    6) (   5,    3) (   5,    6) (   5,    6) (   5,    5) (   5,    7)
          (   5,    7) (   5,    5) (   5,    4) (   5,    6) (   5,    4) (   5,    6) (   5,    4) (   5,    4) (   5,    4) (   5,    6)
          (   5,    2) (   5,    4) (   5,    3) (   5,    5) (   5,    5) (   5,    5) (   5,    7) (   5,    6) (   5,    5) (   5,    6)
          (   5,    5) (   5,    8) (   5,    4) (   5,    7) (   5,    5) (   5,    7) (   5,    3) (   5,    8) (   5,    4) (   5,    5)
          (   5,    7) (   5,    3) (   5,    7) (   5,    6) (   5,    6) (   5,    2) (   5,    6) (   5,    7) (   5,    5) (   5,    4)
          (   5,    5) (   5,    5) (   5,    5) (   5,    4) (   5,    7) (   5,    1) (   5,    4) (   5,    6) (   5,    2) (   5,    5)
          (   5,    5) (   5,    5) (   5,    5) (   5,    4) (   5,    5) (   5,    4) (   5,    6) (   5,    6) (   5,    5) (   5,    6)
          (   5,    4) (   5,    9) (   5,    5) (   5,    7) (   5,    3) (   5,    3) (   5,    5) (   5,    4) (   5,    6) (   5,    5)
          (   5,    7) (   5,    3) (   5,    7) (   5,    4) (   5,    4) (   5,    3) (   5,    5) (   5,    4) (   5,    6) (   5,    6)
          (   5,    3) (   5,    6) (   5,    4) (   5,    4) (   5,    4) (   5,    7) (   5,    4) (   5,    6) (   5,    5) (   5,    4)
          (   5,    5) (   5,    3) (   5,    5) (   5,    1) (   5,    3) (   5,    3) (   5,    3) (   5,    5) (   5,    4) (   5,    8)
          (   5,    3) (   5,    5) (   5,    5) (   5,    4) (   5,    6) (   5,    3) (   5,    4) (   5,    2) (   5,    5) (   5,    6)
          (   5,    6) (   5,    5) (   5,    5) (   5,    4) (   5,    4) (   5,    6) (   5,    7) (   5,    3) (   5,    8) (   5,    3)
          (   5,    7) (   5,    6) (   5,    4) (   5,    5) (   5,    4) (   5,    3) (   5,    4) (   5,    7) (   5,    5) (   5,    2)
          (   5,    5) (   5,    6) (   5,    7) (   5,    6) (   5,    7) (   5,    6) (   5,    7) (   5,    3) (   5,    4) (   5,    8)
          (   5,    5) (   5,    7) (   5,    5) (   5,    6) (   5,    5) (   5,    6) (   5,    4) (   5,    3) (   5,    5) (   5,    5)
          (   5,    5) (   5,    5) (   5,    4) (   5,    4) (   5,    6) (   5,    3) (   5,    5) (   5,    4) (   5,    7) (   5,    7)
          (   5,    6) (   5,    4) (   5,    5) (   5,    3) (   5,    4) (   5,    5) (   5,    1) (   5,    6) (   5,    3) (   5,    7)
          (   5,    5) (   5,    6) (   5,    7) (   5,    5) (   5,    6) (   5,    5) (   5,    7) (   5,    6) (   5,    5) (   5,    5)
          (   5,    6) (   5,    5) (   5,    4) (   5,    2) (   5,    6) (   5,    6) (   5,    4) (   5,    5) (   5,    4) (   5,    2)
          (   5,    6) (   5,    5) (   5,    5) (   5,    7) (   5,    4) (   5,    5) (   5,    4) (   5,    2) (   5,    4) (   5,    3)
          (   5,    4) (   5,    7) (   5,    5) (   5,    8) (   5,    4) (   5,    3) (   5,    4) (   5,    3) (   5,    4) (   5,    4)
          (   5,    6) (   5,    5) (   5,    5) (   5,    5) (   5,    8) (   5,    6) (   5,    3) (   5,    7) (   5,    5) (   5,    6)
          (   5,    3) (   5,    5) (   5,    4) (   5,    4) (   5,    5) (   5,    5) (   5,    4) (   5,    3) (   5,    5) (   5,    6)
          (   5,    4) (   5,    3) (   5,    5) (   5,    3) (   5,    6) (   5,    7) (   5,    6) (   5,    6) (   5,    4) (   5,    7)
          (   5,    6) (   5,    5) (   5,    3) (   5,    6) (   5,    6) (   5,    8) (   5,    2) (   5,    4) (   5,    6) (   5,    4)
          (   5,    7) (   5,    5) (   5,    4) (   5,    6) (   5,    6) (   5,    7) (   5,    5) (   5,    4) (   5,    8) (   5,    3)
          (   5,    4) (   5,    3) (   5,    5) (   5,    8) (   5,    7) (   5,    7) (   5,    8) (   5,    4) (   5,    5) (   5,    6)
         
node  10 sent_total   3346  recv_total   3308

